90 52 64 88 
268 199 267 
284 274 275 282 
1213 764 831 1211 
1597 1317 1523 1595 
1755 1651 1754 
1952 1835 1951 
2658 2192 2657 
52 24 36 43 50 
64 56 63 
88 66 74 79 86 
199 116 148 179 196 
267 210 225 250 265 
274 40 232 270 271 
275 39 140 
282 38 276 277 280 
764 412 648 702 762 
831 781 807 829 
1211 923 974 1122 1209 
1317 1243 1282 1316 
1523 1363 1397 1457 1521 
1595 1554 1594 
1651 1603 1650 
1754 1667 1728 1752 
1835 1769 1791 1833 
1951 1885 1927 1949 
2192 1990 2081 2190 
2657 2308 2507 2655 
24 7 17 18 21 
36 9 28 30 33 
43 8 38 41 
50 7 49 
56 25 55 
63 4 19 59 61 
66 29 65 
74 67 68 70 72 
79 76 78 
86 44 80 82 84 
116 96 103 114 
148 124 130 137 146 
179 156 164 170 177 
196 180 183 190 194 
210 5 10 206 208 
265 5 256 264 
225 215 217 224 
250 233 236 240 248 
270 1 2 6 11 
232 1 2 5 14 
40 2 4 7 
271 1 3 13 
39 2 4 
140 6 7 13 14 
276 1 6 11 
277 2 3 13 
38 1 4 7 
280 1 2 7 13 
412 317 372 411 
648 494 550 591 646 
702 673 701 
762 727 743 760 
781 12 780 
807 53 791 805 
829 31 814 819 826 
923 856 873 897 921 
974 945 973 
1122 1009 1042 1079 1120 
1209 1147 1160 1181 1207 
1316 1297 1302 1314 
1243 1230 1242 
1282 1252 1264 1274 1280 
1363 1327 1338 1347 1361 
1397 1376 1385 1395 
1457 1407 1424 1437 1455 
1521 1478 1494 1510 1519 
1554 1532 1540 1552 
1594 1562 1574 1583 1592 
1603 3 1600 1601 
1650 1607 1619 1634 1648 
1667 13 1657 1665 
1728 1678 1688 1708 1726 
1752 1737 1741 1750 
1769 10 1758 1767 
1791 1773 1781 1789 
1833 1804 1813 1819 1831 
1885 1851 1864 1876 1883 
1927 1899 1917 1925 
1949 1934 1948 
1990 1971 1979 1988 
2081 2018 2041 2080 
2190 2108 2152 2166 2188 
2308 2233 2261 2285 2305 
2507 2370 2425 2469 2505 
2655 2541 2561 2609 2653 
17 1 4 8 9 
18 2 8 
21 1 4 9 
28 1 4 7 10 
30 2 4 12 
33 1 2 10 12 
41 2 4 7 12 
49 8 9 10 12 
25 4 7 
55 8 9 10 
59 2 8 9 12 
61 2 8 10 12 
19 1 9 
29 2 12 
65 1 8 10 
67 4 7 
68 8 9 12 
70 7 9 
72 4 10 12 
76 7 9 
78 1 2 4 
44 8 10 
80 1 4 9 
82 4 7 8 12 
84 1 2 7 8 
96 3 92 94 
103 98 100 102 
114 104 106 109 111 
124 118 121 122 
130 3 126 128 
137 3 133 135 
146 10 12 140 143 
156 11 149 152 154 
164 139 158 160 162 
170 151 166 169 
177 97 171 172 175 
180 93 159 
183 71 98 152 171 
190 105 185 186 188 
194 11 71 171 191 
208 1 2 10 11 
206 11 201 203 204 
264 13 244 258 262 
256 107 121 253 254 
224 12 71 219 221 
215 168 211 213 
217 10 216 
233 149 226 232 
236 71 105 221 234 
240 188 239 
248 242 243 246 
411 53 389 398 408 
317 292 304 315 
372 334 342 356 370 
494 434 457 476 492 
550 507 518 534 548 
591 560 573 582 589 
646 605 618 632 644 
673 200 595 662 671 
701 293 684 690 698 
727 2 108 716 725 
743 200 734 741 
760 391 749 758 
780 53 769 773 777 
53 8 10 
791 7 784 785 788 
805 799 801 803 
31 1 2 
814 808 813 
819 401 816 817 
826 47 821 824 
856 168 509 842 854 
873 864 872 
897 293 883 896 
921 908 920 
945 47 931 943 
973 330 952 959 970 
1009 984 991 999 1007 
1042 1015 1024 1030 1040 
1079 1061 1071 1077 
1120 1090 1101 1110 1118 
1147 53 1130 1145 
1160 1152 1159 
1181 512 1170 1180 
1207 442 1191 1205 
1297 6 13 1288 1294 
1302 6 1298 1300 
1314 1308 1313 
1230 76 1219 1221 1227 
1242 110 1234 1235 1239 
1252 1245 1248 1250 
1264 1255 1257 1260 1262 
1274 1266 1273 
1280 1275 1277 1279 
1327 9 1320 1326 
1338 7 1083 1331 1336 
1347 674 1341 1345 
1361 1354 1360 
1376 6 1368 1369 1373 
1385 45 1379 1384 
1395 293 1388 1394 
1407 1401 1406 
1424 1411 1415 1423 
1437 1427 1430 1433 1435 
1455 1444 1448 1453 
1478 1462 1467 1471 1476 
1494 1479 1483 1489 1492 
1510 1497 1501 1503 1508 
1519 62 1512 1514 1517 
1532 6 1526 1530 
1540 6 1534 1538 
1552 6 1545 1550 
1562 6 1556 1560 
1574 6 1566 1572 
1583 6 1578 1581 
1592 6 1587 1590 
1600 7 13 17 1289 
1601 44 885 
1607 1253 1606 
1619 3 1608 1612 1618 
1634 1628 1629 1632 
1648 7 1640 1641 1645 
1657 7 1652 1655 
1665 637 1658 1659 1663 
1678 1670 1672 1676 
1688 9 1681 1687 
1708 1693 1696 1699 1706 
1726 1712 1717 1720 1724 
1737 308 1731 1735 
1741 7 1740 
1750 3 1746 1748 
1758 11 655 1756 
1767 1759 1762 1764 1765 
1773 12 1770 1771 
1781 12 1775 1779 
1789 1784 1788 
1804 1793 1794 1799 1802 
1813 912 1806 1807 1811 
1819 354 1816 1817 
1831 1822 1824 1827 1829 
1851 12 1838 1842 1848 
1864 10 1855 1857 1861 
1876 10 1866 1869 1874 
1883 10 1880 1881 
1899 13 1890 1893 1896 
1917 1903 1905 1909 1915 
1925 9 516 1920 1923 
1934 1 1931 1932 
1948 2 1938 1941 1945 
1971 9 1970 
1979 14 1974 1977 
1988 323 1987 
2080 2057 2063 2070 2077 
2018 2006 2017 
2041 2021 2029 2040 
2108 2090 2107 
2152 2122 2138 2144 2150 
2166 2157 2159 2162 2164 
2188 2172 2178 2187 
2233 2203 2215 2224 2231 
2261 2238 2245 2255 2259 
2285 2272 2284 
2305 5 2295 2304 
2370 2320 2335 2353 2368 
2425 2386 2403 2413 2423 
2469 2438 2442 2453 2467 
2505 2480 2494 2499 2503 
2541 2518 2526 2534 2539 
2561 2545 2549 2559 
2609 2571 2579 2596 2607 
2653 2619 2628 2641 2651 
92 4 5 6 10 
94 5 6 7 10 
102 5 6 13 
98 2 3 10 
100 1 2 4 10 
104 3 5 
106 4 11 12 
109 2 11 12 13 
111 7 11 12 
118 6 13 14 
121 1 3 4 12 
122 2 3 12 
126 4 5 6 12 
128 5 6 7 12 
133 4 11 12 14 
135 7 11 12 14 
143 3 6 7 14 
149 2 5 6 12 
152 3 5 11 
154 1 10 12 
158 1 3 6 
160 10 13 14 
139 7 13 14 
162 6 10 
169 7 11 13 14 
151 3 5 
166 7 10 11 
171 5 11 13 
172 1 3 10 
97 2 10 
175 5 6 11 
93 5 6 7 
159 10 13 
71 4 10 
185 5 6 
186 1 11 12 
105 4 12 
188 5 6 13 
191 1 5 6 10 
201 1 3 4 6 
203 7 11 13 
204 1 3 6 13 
244 6 14 
262 3 4 7 10 
258 2 3 4 10 
107 11 13 
253 7 11 12 13 
254 1 2 11 12 
219 5 6 7 13 
221 3 11 14 
168 11 13 14 
211 1 3 4 10 
213 2 3 4 12 
216 3 7 11 14 
226 3 13 
234 3 6 14 
239 1 2 3 12 
242 2 6 11 14 
243 1 2 14 
246 1 6 11 14 
389 30 53 377 386 
398 390 392 396 
408 399 402 406 
292 286 291 
304 293 294 302 
315 307 314 
334 319 326 332 
342 336 341 
356 45 347 354 
370 358 365 369 
434 416 420 427 432 
457 440 445 450 455 
476 462 466 472 474 
492 479 481 486 490 
507 499 502 506 
518 511 513 517 
534 522 524 529 532 
548 540 543 546 
560 53 553 558 
573 565 568 571 
582 53 576 580 
589 401 585 587 
605 593 597 601 603 
618 609 612 615 616 
632 621 623 627 630 
644 62 636 638 642 
595 1 3 4 
662 653 654 656 659 
200 1 3 4 
671 47 664 665 668 
684 9 537 680 682 
293 2 8 10 
690 634 685 688 
698 298 693 696 
716 357 706 710 714 
108 2 12 
725 361 719 720 722 
734 500 733 
741 736 738 739 
391 11 13 14 
749 500 748 
758 753 754 757 
769 65 765 767 
773 157 483 766 770 
777 158 526 607 774 
784 329 435 782 
785 2 3 4 
788 174 185 323 578 
799 792 794 797 
801 391 785 795 
803 348 422 766 
808 8 169 
813 53 216 809 810 
401 11 13 14 
816 500 815 
817 6 320 425 
47 8 12 
821 3 127 134 
824 143 600 822 
842 832 835 838 840 
509 5 7 9 
854 321 844 848 852 
864 330 496 859 862 
872 321 361 866 869 
896 45 887 889 893 
883 328 368 877 881 
908 899 905 907 
920 45 912 914 917 
931 7 924 927 929 
943 934 935 938 941 
952 4 948 950 
959 141 953 957 
330 1 8 12 
970 435 961 964 968 
984 594 978 982 
991 594 987 990 
999 995 998 
1007 1002 1003 1006 
1015 1011 1014 
1024 1019 1020 1023 
1030 1027 1029 
1040 293 1034 1038 
1061 1045 1048 1054 1059 
1071 1064 1066 1069 
1077 720 1074 1075 
1090 1082 1087 1088 
1101 1093 1094 1098 1099 
1110 1066 1105 1109 
1118 1114 1115 1117 
1130 31 1123 1128 
1145 3 1136 1139 1143 
1152 119 1149 1150 
1159 1 1155 1157 
1180 29 1173 1176 1179 
512 1 8 10 12 
1170 961 1164 1166 1168 
1191 53 1133 1187 1189 
442 305 441 
1205 3 1196 1198 1203 
1288 1284 1287 
1294 11 674 1289 1292 
1298 25 305 441 
1300 19 58 521 1253 
1308 54 1303 1304 1306 
1313 68 1012 1309 1311 
1219 415 1214 1215 1218 
1221 10 1220 
1227 360 960 1223 1225 
1234 11 46 607 1231 
110 7 11 
1235 1 2 3 10 
1239 119 200 961 1237 
1245 886 1244 
1248 435 441 1246 
1250 731 1249 
1255 515 674 1253 
1257 885 1256 
1260 279 320 750 
1262 15 728 1261 
1266 7 9 11 
1273 1267 1268 1269 1270 
1279 6 8 12 
1275 7 9 11 13 
1277 299 344 345 464 
1326 1083 1323 1324 
1320 71 496 1220 1223 
1331 153 961 1220 1329 
1083 9 11 
1336 162 200 375 1333 
1341 1012 1309 1340 
674 8 11 
1345 25 306 515 1343 
1354 13 31 1349 1352 
1360 200 1222 1356 1358 
1368 750 1286 1364 1366 
1369 1303 1304 1340 
1373 54 286 607 1370 
1384 1214 1381 1382 
45 8 10 12 
1379 344 345 464 1377 
1394 286 463 1390 1393 
1388 318 344 464 960 
1401 110 241 417 1323 
1406 32 536 1402 1403 
1423 111 1417 1420 1421 
1411 399 1408 1409 
1415 1413 1414 
1427 105 293 344 
1430 6 1429 
1433 44 306 1432 
1435 318 320 607 
1444 536 1412 1439 1441 
1448 11 1447 
1453 309 1450 1451 
1462 30 158 1458 1460 
1467 141 1351 1463 1465 
1471 11 300 1469 
1476 11 637 1473 1474 
1479 293 888 
1483 441 1480 1482 
1489 792 1225 1485 1487 
1492 29 47 65 1490 
1497 162 535 1133 
1501 1499 1500 
1503 111 415 
1508 238 1505 1506 
1512 352 437 1364 
1514 300 832 1285 
62 19 61 
1517 566 1286 1364 
1526 595 1340 1524 
1530 320 1527 1528 
1534 607 1533 
1538 441 463 595 1535 
1545 308 1542 1543 
1550 309 785 1546 1548 
1556 286 1287 1340 
1560 1364 1557 1558 
1566 1564 1565 
1572 438 1524 1568 1570 
1578 1 417 1576 
1581 10 154 536 1083 
1587 4 110 1322 1585 
1590 30 138 166 390 
1289 1 8 10 12 
885 7 9 13 
1253 3 13 
1606 4 67 320 594 
1618 13 48 1504 1615 
1608 25 731 
1612 57 330 885 1610 
1628 76 792 1622 1625 
1629 59 285 
1632 8 19 61 1630 
1640 308 1635 1636 1637 
1641 1 3 4 10 
1645 32 1133 1342 1643 
1652 3 729 
1655 286 437 1286 1567 
1658 8 67 306 
1659 7 15 728 
637 1 2 8 9 
1663 8 25 515 1661 
1670 45 885 1668 
1672 58 1671 
1676 226 293 913 1674 
1687 7 31 1683 1685 
1681 71 792 1342 1541 
1693 157 1465 1690 
1696 138 200 1695 
1699 1621 1698 
1706 469 1701 1703 1704 
1712 99 138 399 1709 
1717 54 595 1715 
1720 29 65 552 1504 
1724 792 1721 1722 
308 9 13 
1731 1729 1730 
1735 1323 1732 1733 
1740 44 320 913 1284 
1746 67 846 1742 1745 
1748 19 25 58 521 
655 6 14 
1756 1 3 4 7 
1759 25 348 
1762 352 488 1760 
1764 4 487 488 
1765 797 1567 
1770 5 279 750 
1771 766 1284 
1775 488 1774 
1779 348 1776 1778 
1784 378 728 1782 
1788 794 796 1785 
1793 351 459 460 566 
1794 328 460 885 891 
1799 286 306 1355 1797 
1802 289 515 728 1408 
1806 488 595 640 888 
1807 300 344 346 368 
912 300 459 464 910 
1811 483 595 913 1809 
1816 91 327 886 1012 
354 80 348 351 352 
1817 350 993 
1822 286 640 1820 
1824 295 348 367 607 
1827 595 1826 
1829 607 610 1828 
1838 1284 1837 
1842 770 1284 1841 
1848 607 1844 1847 
1855 382 1852 1853 
1857 483 1856 
1861 300 1858 1859 
1874 279 898 993 1872 
1866 4 607 610 
1869 299 346 607 1185 
1880 2 1877 1878 
1881 322 910 
1890 595 1887 1888 
1893 795 1785 1891 
1896 382 655 1292 1563 
1903 306 766 1342 1901 
1905 67 306 1185 1292 
1909 381 1183 1292 1563 
1915 566 1911 1914 
1920 286 487 488 1918 
516 25 515 
1923 378 515 1253 1563 
1931 11 728 735 1928 
1932 32 1185 
1938 4 1935 1936 
1941 104 464 1940 
1945 327 483 607 1943 
1970 4 1958 1963 1968 
1974 8 1900 1972 
1977 1658 1659 1976 
323 11 13 14 
1987 5 1980 1981 1986 
2057 330 2048 2049 2054 
2063 1843 2058 2061 
2070 9 2067 2068 
2077 500 2076 
2006 308 1998 2003 2004 
2017 26 2010 2011 2015 
2040 174 2034 2037 2038 
2021 45 1805 2019 
2029 357 2023 2027 
2090 174 2084 2088 
2107 10 108 2097 2105 
2122 2112 2114 2117 2120 
2138 2125 2129 2135 2136 
2144 185 2143 
2150 438 2146 2148 
2157 5 599 2155 
2159 320 1770 1845 
2162 45 354 889 
2164 320 2163 
2187 2003 2184 2185 
2172 157 2171 
2178 4 2173 2176 
2203 1083 2196 2201 
2215 7 423 2207 2212 
2224 3 1222 2220 2222 
2231 1083 2226 2229 
2238 44 1817 2234 2235 
2245 44 347 2241 2242 
2255 7 230 2249 2252 
2259 2 2256 2257 
2272 5 323 2265 2270 
2284 228 2276 2277 2281 
2304 1558 2300 2302 
2295 320 2288 2291 2293 
2320 2312 2313 2316 2318 
2335 2324 2327 2330 2333 
2353 2339 2344 2348 2351 
2368 2357 2360 2363 2366 
2386 62 2376 2380 2384 
2403 2389 2393 2398 2401 
2413 1081 2406 2408 2411 
2423 2414 2416 2419 2421 
2438 2428 2431 2433 2436 
2442 462 642 1108 2440 
2453 704 2445 2448 2451 
2467 2455 2459 2463 2465 
2480 2471 2474 2477 2478 
2494 2485 2488 2492 
2499 486 490 630 2497 
2503 481 621 623 2501 
2518 9 2512 2515 2516 
2526 9 139 2520 2524 
2534 58 230 2529 2532 
2539 57 58 2535 2537 
2545 1051 2542 2543 
2549 426 2546 2548 
2559 2364 2552 2556 2557 
2571 512 2565 2569 
2579 2 2576 2578 
2596 2584 2585 2589 2594 
2607 2599 2600 2604 2605 
2619 2052 2613 2618 
2628 119 2622 2626 
2641 13 245 2634 2639 
2651 4 2646 2650 
377 374 376 
386 378 379 381 384 
390 2 3 4 
392 127 391 
396 93 323 348 394 
399 2 3 4 
402 93 401 
406 329 363 394 403 
286 2 3 4 
291 45 46 287 289 
294 19 216 
302 203 295 298 300 
307 67 306 
314 8 309 310 312 
319 3 4 6 
326 321 323 324 
332 328 329 330 
336 31 335 
341 234 337 339 
347 344 346 
369 330 368 
358 323 357 
365 168 319 361 363 
416 329 413 415 
420 399 417 418 
427 168 423 426 
432 348 425 428 430 
440 168 324 435 438 
445 118 305 441 443 
450 31 335 449 
455 451 452 454 
462 45 459 460 
466 61 104 464 
472 16 469 471 
474 61 299 464 
479 16 469 478 
481 46 480 
486 46 483 484 
490 46 487 488 
506 320 401 426 496 
499 423 438 496 497 
502 363 501 
517 8 25 312 515 
511 324 363 401 509 
513 496 512 
522 324 435 521 
524 324 348 435 441 
529 361 363 526 527 
532 127 399 530 
540 174 428 536 537 
543 168 423 509 541 
546 29 65 168 544 
553 93 552 
558 151 158 554 556 
565 469 537 563 
568 45 351 566 
571 61 344 569 
576 30 575 
580 390 403 578 
585 108 430 437 500 
587 357 425 428 
593 80 168 293 
597 132 594 595 
601 19 58 600 
603 16 469 602 
609 53 606 607 
612 46 607 610 
615 15 168 298 423 
616 48 480 
621 68 125 286 
623 46 286 382 
627 58 537 625 
630 46 348 628 
636 18 168 357 634 
638 169 637 
642 45 286 640 
653 5 11 46 594 
654 244 594 
656 46 655 
659 45 54 91 640 
664 93 530 
665 127 401 
668 329 363 394 403 
537 1 3 4 
682 59 117 
680 58 132 469 677 
634 5 7 9 
685 361 391 
688 319 323 363 430 
298 5 7 9 
693 361 401 430 578 
696 319 329 348 357 
357 3 4 6 
706 168 329 500 703 
710 319 391 425 541 
714 320 425 430 712 
719 319 500 541 578 
361 3 4 6 
720 348 437 500 
722 323 425 541 
500 5 7 9 
733 363 487 729 731 
736 417 735 
738 185 521 536 
739 6 329 413 
748 497 729 744 746 
757 438 496 501 
753 15 430 437 750 
754 29 425 
765 6 7 13 14 
767 5 6 7 13 
157 1 3 
770 5 7 11 
766 5 6 7 
483 7 11 14 
774 7 14 
607 7 11 13 
526 1 5 
329 11 13 14 
435 3 4 6 
782 2 5 
174 5 6 
578 11 13 14 
792 2 3 12 
794 6 7 11 14 
797 5 6 7 11 
795 5 6 7 
348 11 13 14 
422 3 4 
809 5 7 11 13 
810 5 6 7 13 
815 6 8 10 12 
320 8 10 12 
425 5 7 9 
127 5 6 7 
134 7 11 14 
600 5 7 11 13 
822 3 5 7 11 
832 8 10 12 
835 300 324 460 509 
838 15 70 728 
840 293 328 435 
321 2 8 10 12 
844 329 357 401 430 
848 168 319 846 
852 44 306 851 
862 329 423 634 
496 3 4 6 
859 298 363 401 634 
866 328 330 401 
869 324 391 509 578 
887 91 886 
889 488 888 
893 295 607 885 891 
328 5 7 9 
877 323 391 423 496 
368 5 7 9 
881 329 435 496 578 
907 2 3 8 10 
899 168 898 
905 363 401 900 903 
914 483 913 
917 300 328 368 460 
924 1 3 4 
929 391 766 
927 174 185 323 578 
934 168 401 766 795 
935 1 3 4 
938 285 348 795 
941 158 329 939 
948 16 469 947 
950 19 58 337 339 
141 3 6 
953 15 298 469 
957 58 954 955 
961 3 4 6 
964 298 391 578 634 
968 298 323 348 634 
978 19 61 977 
594 2 8 9 10 
982 107 346 352 979 
990 19 58 140 219 
987 110 142 300 910 
995 13 46 993 
998 319 320 348 509 
1006 321 324 363 430 
1002 1000 1001 
1003 44 306 308 
1011 13 594 993 
1014 5 46 1012 
1023 19 61 1022 
1019 19 134 634 1016 
1020 2 3 8 12 
1027 19 61 1026 
1029 15 298 469 1028 
1034 4 16 469 1032 
1038 93 139 888 1035 
1045 12 329 423 501 
1048 321 323 501 961 
1054 16 469 1050 1052 
1059 1055 1056 1058 
1064 348 426 428 960 
1066 26 1065 
1069 93 391 394 578 
1074 33 417 1072 
1075 238 360 
1082 57 328 348 357 
1087 70 319 1083 1084 
1088 14 44 306 
1093 328 368 391 578 
1094 330 430 
1098 328 363 368 401 
1099 293 961 
1109 44 348 368 423 
1105 127 323 348 403 
1117 1 319 320 509 
1114 324 357 537 1111 
1115 168 497 
1123 47 140 219 
1128 139 417 1124 1126 
1136 375 1131 1133 1134 
1139 375 1138 
1143 91 200 1133 1141 
119 1 12 
1149 401 423 437 500 
1150 348 437 496 500 
1155 321 425 435 578 
1157 320 348 425 961 
1179 363 425 
1173 541 1172 
1176 15 357 437 537 
1164 324 391 509 578 
1166 324 329 423 
1168 323 435 509 
1189 152 375 
1133 1 4 12 
1187 348 1182 1183 1185 
305 1 2 
441 8 10 12 
1196 324 1083 1192 1194 
1198 308 898 
1203 309 435 1199 1201 
1284 1 3 4 
1287 7 8 11 12 
1292 1 3 12 
58 2 8 12 
521 2 8 10 12 
54 8 9 10 
1306 1 3 4 6 
1303 1 3 6 7 
1304 1 4 6 13 
1311 2 3 4 6 
1012 2 4 6 13 
1309 2 3 6 7 
1218 9 11 12 
1214 1 3 4 6 
415 2 3 4 6 
1215 1 2 3 4 
1220 2 3 6 12 
360 3 6 
1223 10 11 12 
960 3 6 
1225 1 10 11 12 
46 8 9 10 12 
1231 1 2 3 4 
1237 2 6 10 
886 1 7 9 13 
1244 6 8 10 
1246 2 7 
731 8 10 12 13 
1249 2 4 6 7 
515 1 2 10 
1256 2 6 8 12 
279 7 13 
750 1 4 6 
1261 7 11 13 
15 1 8 
728 2 10 12 
1267 1 3 6 10 
1268 2 3 6 10 
1269 1 3 6 12 
1270 2 3 6 12 
299 1 3 
464 7 9 11 
344 9 11 13 
345 1 4 
1323 1 2 10 12 
1324 2 6 10 12 
153 1 10 
1329 1 10 12 
375 1 2 4 
1333 3 10 
1340 8 9 11 
306 1 2 12 
1343 3 4 7 13 
1352 1 2 6 12 
1349 6 10 12 
1358 6 7 10 11 
1222 10 12 
1356 6 7 11 
1364 7 11 13 
1366 1 6 8 9 
1286 8 12 
1370 8 9 10 11 
1381 9 10 12 
1382 3 4 6 11 
1377 1 2 3 
1393 6 8 10 12 
1390 3 11 13 
463 7 11 
318 4 6 
241 2 6 
417 7 9 11 13 
1402 1 4 10 
1403 6 9 11 13 
32 10 12 
536 7 9 11 13 
1417 1 4 6 10 
1420 2 4 6 12 
1421 7 10 11 13 
1408 6 11 
1409 7 10 12 
1413 6 10 12 
1414 1 3 11 13 
1429 1 8 10 11 
1432 4 6 7 
1439 2 3 6 12 
1441 10 11 13 
1412 6 12 
1447 1 2 6 8 
309 9 11 13 
1450 2 4 6 12 
1451 1 4 6 12 
1458 3 6 7 10 
1460 10 11 13 
1463 2 11 13 
1465 7 9 13 
1351 2 6 12 
300 1 3 6 
1469 8 10 13 
1473 6 8 10 11 
1474 1 2 11 13 
888 1 6 9 
1482 8 10 11 12 
1480 3 6 11 13 
1485 4 6 9 13 
1487 6 13 
1490 2 6 11 
535 7 11 13 
1499 7 10 11 13 
1500 1 4 6 
238 1 2 12 
1505 3 6 7 10 
1506 3 7 11 
352 1 4 6 
437 8 10 
1285 7 11 
566 2 4 6 
1524 7 8 10 11 
1527 1 3 13 
1528 1 3 4 7 
1533 4 8 10 12 
1535 8 9 11 12 
1542 4 10 11 12 
1543 2 4 10 12 
1546 2 4 10 
1548 9 10 11 
1557 2 4 8 10 
1558 2 8 9 
1564 2 3 10 12 
1565 8 11 13 
1568 2 3 4 12 
438 2 8 10 
1570 3 11 13 
1576 7 9 10 13 
1585 2 7 11 13 
1322 2 10 12 
138 7 13 
48 8 10 12 
1504 7 10 
1615 2 3 4 12 
57 8 12 
1610 4 9 13 
1622 1 3 10 13 
1625 3 10 12 13 
285 3 4 
1630 2 3 12 13 
1635 1 3 4 10 
1636 1 2 4 12 
1637 2 3 4 10 
1342 3 13 
1643 1 4 13 
729 2 8 10 12 
1567 2 3 4 
1661 2 3 4 9 
1668 1 4 9 13 
1671 3 7 9 
913 1 3 9 
1674 2 7 8 9 
1685 1 2 3 12 
1683 10 12 13 
1541 4 10 12 
1690 1 2 3 
1695 1 2 8 13 
1621 1 3 13 
1698 4 9 10 12 
469 2 10 12 
1701 4 8 9 13 
1703 3 8 10 13 
1704 3 8 12 13 
99 1 2 10 
1709 4 9 13 
1715 7 8 10 13 
552 1 2 3 
1721 1 3 8 13 
1722 4 7 
1729 2 3 4 12 
1730 2 3 10 12 
1732 1 3 4 12 
1733 1 3 10 12 
1745 3 13 
1742 1 7 8 9 
846 1 8 12 
1760 5 14 
488 7 13 14 
487 2 6 
1774 1 2 4 6 
1778 6 11 14 
1776 3 4 7 
378 5 6 13 
1782 1 7 13 
1785 2 3 4 12 
796 5 7 11 
351 9 13 14 
460 2 3 6 
459 7 9 14 
891 2 5 6 
1355 6 11 
1797 5 9 11 
289 5 11 
640 9 11 14 
346 1 4 5 
910 1 3 5 
1809 5 9 11 
91 5 6 
327 5 9 
350 9 13 
993 1 4 5 6 
1820 1 2 9 
295 1 5 9 
367 7 9 
1826 5 6 7 10 
1828 4 12 
610 2 5 
1837 6 7 11 14 
1841 1 5 6 11 
1847 2 5 6 11 
1844 1 4 5 
382 6 14 
1852 2 3 13 
1853 2 3 4 7 
1856 1 2 3 4 
1858 3 11 13 14 
1859 13 14 
898 4 5 6 7 
1872 2 13 
1185 5 6 13 
1877 3 5 6 13 
1878 3 5 11 13 
322 11 13 
1887 5 6 9 14 
1888 5 7 10 11 
1891 2 3 10 12 
1563 2 3 12 
1901 1 3 10 12 
381 5 11 13 
1183 5 11 13 
1914 5 10 12 14 
1911 5 7 12 13 
1918 5 6 14 
1928 5 10 12 
735 5 6 10 
1935 9 11 13 14 
1936 5 9 11 13 
1940 5 6 10 11 
1943 3 9 
1958 168 329 1953 1956 
1963 423 1960 1961 
1968 200 785 1964 1966 
1900 306 1342 
1972 25 515 1253 
1976 13 15 637 728 
1986 15 368 437 910 
1980 25 541 
1981 17 67 846 
2048 327 2043 2044 2045 
2049 351 902 
2054 488 640 2050 2052 
1843 4 5 
2058 119 312 
2061 309 329 1329 1381 
2067 134 2064 2065 
2068 216 1956 
2076 655 2071 2072 2073 
1998 902 1402 1991 1996 
2003 16 2000 2001 
2004 151 1051 
2010 6 191 1956 2008 
2011 7 9 13 14 
26 1 4 
2015 5 169 203 1124 
2034 351 488 594 2031 
2037 7 321 594 
2038 357 1760 
1805 595 640 
2019 351 483 566 913 
2023 230 2022 
2027 9 2024 2025 
2084 11 33 1072 2082 
2088 320 400 459 2085 
2097 2091 2092 2094 2095 
2105 329 577 2100 2103 
2112 149 2008 2111 
2114 118 1843 2022 
2117 312 2116 
2120 134 2022 2118 
2125 417 606 2123 
2129 97 2110 2127 
2135 174 2132 2133 
2136 168 426 
2143 330 400 441 2140 
2146 378 2145 
2148 4 125 477 
599 19 58 
2155 305 441 2154 
1845 607 1844 
2163 766 770 1284 1841 
2184 17 1289 2180 2183 
2185 91 477 
2171 329 1913 2167 2168 
2173 139 149 
2176 108 403 2174 
2196 1222 2193 2194 
2201 1402 1995 2197 2199 
2207 329 2204 2205 
423 3 4 6 
2212 99 228 2208 2209 
2222 191 2110 
2220 500 577 1266 2217 
2226 924 2225 
2229 285 2024 2025 2227 
2234 300 368 595 1809 
2235 464 910 1185 1292 
2241 91 886 2239 
2242 295 607 1183 1292 
230 5 14 
2249 11 16 422 1289 
2252 300 423 541 832 
2256 441 1877 1878 
2257 731 898 
2270 18 104 328 2268 
2265 67 438 497 2262 
228 5 14 
2276 460 2273 2274 
2277 11 729 
2281 438 561 1408 2279 
2300 14 2297 2298 
2302 125 228 357 477 
2288 286 460 483 1859 
2291 285 293 640 
2293 594 2292 
2312 390 1222 2310 
2313 30 600 
2316 40 329 1124 
2318 1960 2317 
2324 125 2323 
2327 338 792 2325 
2330 216 2329 
2333 118 238 2331 
2339 204 1960 2337 
2344 2340 2341 2343 
2348 2346 2347 
2351 26 403 2349 
2357 394 552 1222 2354 
2360 108 134 2358 
2363 552 2362 
2366 31 403 2364 
2376 497 2371 2373 2374 
2380 118 1322 2065 2378 
2384 323 327 2382 
2389 29 47 65 2387 
2393 143 158 238 2391 
2398 1960 2395 2396 
2401 2399 2400 
2406 483 594 2118 
2408 488 512 902 
1081 57 328 348 
2411 1323 2410 
2414 15 362 728 
2416 1877 2415 
2419 300 731 2208 
2421 125 477 2420 
2428 5 44 306 1343 
2431 16 766 2429 
2433 99 244 1709 
2436 153 423 2434 
1108 44 348 368 
2440 45 300 459 
2445 174 1329 1465 
2448 425 520 2446 
704 329 703 
2451 500 976 1994 
2455 309 1541 2217 
2459 153 902 2457 
2463 1222 1465 2461 
2465 312 2464 
2471 1012 2470 
2474 319 846 2472 
2477 441 797 1567 
2478 607 610 1533 
2485 169 2008 2481 2483 
2488 323 1286 2486 
2492 26 2364 2490 
2497 46 595 655 
2501 174 924 1381 
2512 154 230 1322 2509 
2515 348 488 566 1776 
2516 5 8 10 12 
2520 139 149 423 2337 
2524 91 99 902 1402 
2529 125 327 607 885 
2532 16 300 423 1469 
2535 286 328 460 1797 
2537 104 344 464 569 
1051 7 11 14 
2542 497 2358 
2543 104 1557 1558 
2548 3 6 10 12 
426 1 5 7 9 
2546 5 7 9 14 
2364 3 10 12 
2552 425 526 577 1266 
2556 117 118 569 924 
2557 2 9 12 
2565 3 441 2563 
2569 423 483 2052 2566 
2578 25 441 2563 
2576 104 168 2572 2573 
2584 293 295 846 2581 
2585 168 329 413 544 
2589 2587 2588 
2594 521 541 2590 2592 
2599 357 435 438 497 
2600 5 7 14 
2604 117 244 306 515 
2605 8 11 
2618 134 151 1402 2615 
2052 3 4 5 
2613 99 134 2456 2610 
2622 120 2331 2620 
2626 134 435 2434 2623 
245 1 11 
2634 735 1991 2630 2632 
2639 99 185 244 2636 
2650 32 40 329 2362 
2646 139 1322 2642 2644 
374 5 6 14 
376 1 2 4 13 
379 3 6 14 
384 6 11 13 14 
394 5 6 7 
403 5 6 7 
363 11 13 14 
287 1 9 11 
310 5 8 10 
312 9 11 13 14 
324 5 7 9 
335 4 8 12 
337 5 6 13 14 
339 5 11 13 14 
413 7 9 10 12 
418 5 6 12 
428 2 8 10 12 
430 3 4 6 
443 4 7 9 
449 3 5 11 14 
454 2 3 4 12 
451 8 10 11 14 
452 5 6 8 
471 7 11 13 14 
16 1 8 9 
478 6 7 13 14 
480 7 11 13 14 
484 2 3 
497 2 8 12 
501 1 5 7 9 
527 7 8 12 
530 8 11 13 14 
541 1 8 10 
544 1 2 7 9 
554 1 2 7 11 
556 2 7 14 
563 8 9 11 14 
569 4 5 
575 3 5 11 
132 11 14 
602 5 6 7 13 
606 2 5 12 
125 5 6 
625 5 9 11 
628 2 4 
117 6 14 
677 5 6 8 11 
703 5 7 9 10 
712 1 13 
744 1 4 6 
746 1 3 4 6 
851 3 4 11 
900 4 5 6 7 
903 4 5 6 7 
939 4 5 7 
947 5 6 11 13 
954 1 7 9 14 
955 1 5 7 9 
977 3 6 7 
979 13 14 
142 7 14 
1000 4 6 7 14 
1001 4 5 6 7 
1022 4 11 13 
1016 1 11 
1026 6 7 13 
1028 3 11 
1032 6 11 13 14 
1035 1 9 13 
1050 3 6 7 14 
1052 3 7 11 14 
1058 2 8 10 12 
1055 5 6 7 13 
1056 6 7 13 14 
1065 3 8 12 
1072 1 2 5 12 
1084 3 4 7 
1111 6 7 9 
1124 5 10 
1126 6 8 10 
1131 6 11 14 
1134 6 11 14 
1138 5 11 13 14 
1141 3 5 11 
1172 2 3 4 6 
1182 6 13 14 
1192 4 7 14 
1194 4 11 
1199 4 5 7 
1201 7 9 14 
1953 5 10 12 
1956 1 2 5 10 
1960 2 5 10 14 
1961 1 5 10 14 
1964 5 6 10 12 
1966 2 6 10 14 
2043 3 7 11 14 
2044 3 4 6 14 
2045 4 11 13 14 
902 4 5 6 
2050 5 6 9 
2064 1 3 5 10 
2065 2 3 5 12 
2071 2 11 13 14 
2072 11 12 13 14 
2073 10 12 13 
1991 5 6 14 
1996 2 10 12 14 
2000 1 4 8 12 
2001 1 4 8 10 
2008 1 5 6 12 
2031 2 4 8 10 
2022 1 9 12 
2024 5 10 12 14 
2025 2 5 12 14 
2082 1 2 5 10 
2085 2 3 8 10 
400 11 14 
2091 5 10 14 
2092 3 4 7 11 
2094 5 10 14 
2095 3 4 6 7 
577 11 14 
2100 2 5 6 12 
2103 2 3 5 12 
2111 3 7 9 14 
2116 2 4 5 12 
2118 3 5 
2123 1 5 10 
2127 1 3 5 6 
2110 7 9 14 
2132 1 4 14 
2133 9 10 12 13 
2140 3 7 9 14 
2145 12 14 
477 7 13 14 
2154 3 4 7 13 
2183 5 6 13 14 
2180 1 3 8 12 
2167 5 11 13 14 
2168 5 10 11 13 
1913 5 10 12 
2174 10 13 14 
2193 2 3 4 5 
2194 3 4 5 14 
2197 1 3 4 5 
1995 2 10 14 
2199 3 5 14 
2204 1 4 10 12 
2205 1 4 5 12 
2208 5 14 
2209 1 10 12 
2217 2 5 
2225 5 10 12 
2227 1 5 12 14 
2239 1 3 4 9 
2268 2 8 12 
2262 3 4 7 
2273 7 8 10 12 
2274 8 12 13 
561 9 11 
2279 2 3 4 8 
2297 4 5 6 13 
2298 3 5 6 7 
2292 4 11 13 14 
2310 5 6 7 11 
2317 3 4 6 7 
2323 2 11 12 14 
338 5 11 13 
2325 5 6 10 13 
2329 2 4 5 10 
2331 5 6 10 13 
2337 5 10 12 14 
2343 1 2 12 14 
2340 3 10 13 
2341 4 7 10 
2346 1 3 6 12 
2347 5 10 13 14 
2349 10 12 13 
2354 2 4 13 
2358 3 4 5 
2362 5 11 13 14 
2371 5 6 11 14 
2373 5 8 10 14 
2374 1 2 11 14 
2378 3 5 13 14 
2382 2 4 8 
2387 2 5 14 
2391 2 7 10 14 
2395 1 2 8 14 
2396 3 6 13 
2399 1 5 8 10 
2400 2 5 8 14 
2410 7 13 14 
362 11 14 
2415 2 8 10 14 
2420 2 4 8 12 
2429 3 14 
2434 5 7 14 
520 10 12 
2446 6 13 14 
1994 2 10 12 14 
976 3 6 
2457 7 12 13 14 
2461 2 5 6 
2464 1 4 5 10 
2470 5 8 9 12 
2472 5 7 14 
2481 1 2 4 5 
2483 4 7 13 14 
2486 1 3 5 
2490 5 6 7 11 
2509 1 5 14 
2563 5 11 13 14 
2566 5 7 14 
2572 3 13 14 
2573 5 6 10 12 
2581 5 6 11 14 
2587 1 5 8 14 
2588 8 10 12 14 
2590 5 6 11 
2592 5 6 11 14 
2615 5 7 12 14 
2456 12 14 
2610 1 7 10 11 
120 1 3 12 
2620 5 6 13 14 
2623 3 4 5 
2630 6 10 12 14 
2632 5 6 12 14 
2636 1 2 10 12 
2642 2 5 6 10 
2644 5 7 14 
