453 1 8 
454 1 8 14 
455 18 167 
456 454 455 
457 1 8 
458 1 8 14 
459 18 167 
460 458 459 
461 454 455 458 459 
462 153 461 
463 153 167 
464 14 18 
465 14 18 167 
466 14 18 
480 153 463 473 477 
482 18 153 167 
487 153 463 485 
495 14 18 153 167 
525 502 507 523 
544 529 534 542 
560 546 550 558 
576 562 566 574 
592 578 582 590 
608 594 598 606 
624 610 614 622 
640 626 630 638 
656 642 646 654 
672 658 662 670 
688 674 678 686 
704 690 694 702 
720 706 710 718 
736 722 726 734 
752 738 742 750 
768 754 758 766 
784 770 774 782 
800 786 790 798 
816 802 806 814 
832 818 822 830 
848 834 838 846 
864 850 854 862 
880 866 870 878 
891 881 882 889 
907 893 897 905 
923 909 913 921 
939 925 929 937 
955 941 945 953 
971 957 961 969 
987 973 977 985 
1003 989 993 1001 
1018 1005 1009 1016 
1034 1020 1024 1032 
1050 1036 1040 1048 
1066 1052 1056 1064 
1077 1067 1068 1075 
1093 1079 1083 1091 
1109 1095 1099 1107 
1125 1111 1115 1123 
1141 1127 1131 1139 
1157 1143 1147 1155 
1173 1159 1163 1171 
1184 1174 1175 1182 
1200 1186 1190 1198 
1216 1202 1206 1214 
1232 1218 1222 1230 
1248 1234 1238 1246 
1264 1250 1254 1262 
1280 1266 1270 1278 
1291 1281 1282 1289 
1302 1292 1293 1300 
1318 1304 1308 1316 
1334 1320 1324 1332 
1350 1336 1340 1348 
1366 1352 1356 1364 
1377 1367 1368 1375 
1388 1378 1379 1386 
1404 1390 1394 1402 
1414 1405 1406 1412 
1430 1416 1420 1428 
1446 1432 1436 1444 
1462 1448 1452 1460 
1478 1464 1468 1476 
1489 1479 1480 1487 
1505 1491 1495 1503 
1521 1507 1511 1519 
1537 1523 1527 1535 
1553 1539 1543 1551 
1569 1555 1559 1567 
1585 1571 1575 1583 
1601 1587 1591 1599 
1617 1603 1607 1615 
1632 1619 1623 1630 
1648 1634 1638 1646 
1664 1650 1654 1662 
1680 1666 1670 1678 
1696 1682 1686 1694 
1712 1698 1702 1710 
1728 1714 1718 1726 
1744 1730 1734 1742 
1760 1746 1750 1758 
1776 1762 1766 1774 
1792 1778 1782 1790 
1808 1794 1798 1806 
1819 1809 1810 1817 
1835 1821 1825 1833 
1851 1837 1841 1849 
1867 1853 1857 1865 
1883 1869 1873 1881 
1899 1885 1889 1897 
1915 1901 1905 1913 
1926 1916 1917 1924 
1937 1927 1928 1935 
1948 1938 1939 1946 
1964 1950 1954 1962 
1980 1966 1970 1978 
1996 1982 1986 1994 
2011 1998 2002 2009 
2027 2013 2017 2025 
2043 2029 2033 2041 
2059 2045 2049 2057 
2070 2060 2061 2068 
2081 2071 2072 2079 
2092 2082 2083 2090 
2103 2093 2094 2101 
2119 2105 2109 2117 
2135 2121 2125 2133 
2151 2137 2141 2149 
2167 2153 2157 2165 
2183 2169 2173 2181 
2199 2185 2189 2197 
2215 2201 2205 2213 
2226 2216 2217 2224 
2237 2227 2228 2235 
2253 2239 2243 2251 
2269 2255 2259 2267 
2285 2271 2275 2283 
2301 2287 2291 2299 
2317 2303 2307 2315 
2333 2319 2323 2331 
2349 2335 2339 2347 
2365 2351 2355 2363 
2381 2367 2371 2379 
2392 2382 2383 2390 
2408 2394 2398 2406 
2424 2410 2414 2422 
2440 2426 2430 2438 
2456 2442 2446 2454 
2472 2458 2462 2470 
2488 2474 2478 2486 
2504 2490 2494 2502 
2520 2506 2510 2518 
2531 2521 2522 2529 
2542 2532 2533 2540 
2553 2543 2544 2551 
2564 2554 2555 2562 
2575 2565 2566 2573 
2586 2576 2577 2584 
2597 2587 2588 2595 
2608 2598 2599 2606 
2619 2609 2610 2617 
2630 2620 2621 2628 
2641 2631 2632 2639 
2652 2642 2643 2650 
2663 2653 2654 2661 
2674 2664 2665 2672 
2685 2675 2676 2683 
2696 2686 2687 2694 
2707 2697 2698 2705 
2718 2708 2709 2716 
2729 2719 2720 2727 
2740 2730 2731 2738 
2751 2741 2742 2749 
2762 2752 2753 2760 
2773 2763 2764 2771 
2784 2774 2775 2782 
2795 2785 2786 2793 
2806 2796 2797 2804 
2817 2807 2808 2815 
2828 2818 2819 2826 
2839 2829 2830 2837 
2850 2840 2841 2848 
2861 2851 2852 2859 
2872 2862 2863 2870 
2883 2873 2874 2881 
2894 2884 2885 2892 
2905 2895 2896 2903 
2916 2906 2907 2914 
2927 2917 2918 2925 
2938 2928 2929 2936 
2949 2939 2940 2947 
2960 2950 2951 2958 
2971 2961 2962 2969 
2982 2972 2973 2980 
2993 2983 2984 2991 
3004 2994 2995 3002 
3015 3005 3006 3013 
3026 3016 3017 3024 
3037 3027 3028 3035 
3048 3038 3039 3046 
3059 3049 3050 3057 
3070 3060 3061 3068 
3081 3071 3072 3079 
3092 3082 3083 3090 
3103 3093 3094 3101 
3114 3104 3105 3112 
3125 3115 3116 3123 
3136 3126 3127 3134 
3147 3137 3138 3145 
3158 3148 3149 3156 
3169 3159 3160 3167 
3180 3170 3171 3178 
3191 3181 3182 3189 
3202 3192 3193 3200 
3213 3203 3204 3211 
3224 3214 3215 3222 
3235 3225 3226 3233 
3246 3236 3237 3244 
3257 3247 3248 3255 
3268 3258 3259 3266 
3279 3269 3270 3277 
3290 3280 3281 3288 
3301 3291 3292 3299 
3312 3302 3303 3310 
3323 3313 3314 3321 
3334 3324 3325 3332 
3345 3335 3336 3343 
3356 3346 3347 3354 
3367 3357 3358 3365 
3378 3368 3369 3376 
3389 3379 3380 3387 
3400 3390 3391 3398 
3411 3401 3402 3409 
3422 3412 3413 3420 
3433 3423 3424 3431 
3444 3434 3435 3442 
3455 3445 3446 3453 
3466 3456 3457 3464 
3477 3467 3468 3475 
3488 3478 3479 3486 
3499 3489 3490 3497 
3510 3500 3501 3508 
3521 3511 3512 3519 
3532 3522 3523 3530 
473 1 472 
477 167 454 455 475 
485 8 14 18 167 
502 153 167 498 501 
507 492 498 506 
523 511 512 514 521 
529 153 167 498 528 
534 492 498 533 
542 511 512 535 540 
546 153 167 498 545 
550 492 498 549 
558 511 512 551 556 
562 153 167 498 561 
566 492 498 565 
574 511 512 567 572 
578 153 167 498 577 
582 492 498 581 
590 511 512 583 588 
594 153 167 498 593 
598 492 498 597 
606 511 512 599 604 
610 153 167 498 609 
614 492 498 613 
622 511 512 615 620 
626 153 167 498 625 
630 492 498 629 
638 511 512 631 636 
642 153 167 498 641 
646 492 498 645 
654 511 512 647 652 
658 153 167 498 657 
662 492 498 661 
670 511 512 663 668 
674 153 167 498 673 
678 492 498 677 
686 511 512 679 684 
690 153 167 498 689 
694 492 498 693 
702 511 512 695 700 
706 153 167 498 705 
710 492 498 709 
718 511 512 711 716 
722 153 167 498 721 
726 492 498 725 
734 511 512 727 732 
738 153 167 498 737 
742 492 498 741 
750 511 512 743 748 
754 153 167 498 753 
758 492 498 757 
766 511 512 759 764 
770 153 167 498 769 
774 492 498 773 
782 511 512 775 780 
786 153 167 498 785 
790 492 498 789 
798 511 512 791 796 
802 153 167 498 801 
806 492 498 805 
814 511 512 807 812 
818 153 167 498 817 
822 492 498 821 
830 511 512 823 828 
834 153 167 498 833 
838 492 498 837 
846 511 512 839 844 
850 153 167 498 849 
854 492 498 853 
862 511 512 855 860 
866 153 167 498 865 
870 492 498 869 
878 511 512 871 876 
881 153 167 498 501 
882 492 498 506 
889 511 512 514 887 
893 153 167 498 892 
897 492 498 896 
905 511 512 898 903 
909 153 167 498 908 
913 492 498 912 
921 511 512 914 919 
925 153 167 498 924 
929 492 498 928 
937 511 512 930 935 
941 153 167 498 940 
945 492 498 944 
953 511 512 946 951 
957 153 167 498 956 
961 492 498 960 
969 511 512 962 967 
973 153 167 498 972 
977 492 498 976 
985 511 512 978 983 
989 153 167 498 988 
993 492 498 992 
1001 511 512 994 999 
1005 153 167 498 1004 
1009 492 498 1008 
1016 511 512 1010 1014 
1020 153 167 498 1019 
1024 492 498 1023 
1032 511 512 1025 1030 
1036 153 167 498 1035 
1040 492 498 1039 
1048 511 512 1041 1046 
1052 153 167 498 1051 
1056 492 498 1055 
1064 511 512 1057 1062 
1067 153 167 498 892 
1068 492 498 896 
1075 511 512 898 1073 
1079 153 167 498 1078 
1083 492 498 1082 
1091 511 512 1084 1089 
1095 153 167 498 1094 
1099 492 498 1098 
1107 511 512 1100 1105 
1111 153 167 498 1110 
1115 492 498 1114 
1123 511 512 1116 1121 
1127 153 167 498 1126 
1131 492 498 1130 
1139 511 512 1132 1137 
1143 153 167 498 1142 
1147 492 498 1146 
1155 511 512 1148 1153 
1159 153 167 498 1158 
1163 492 498 1162 
1171 511 512 1164 1169 
1174 153 167 498 753 
1175 492 498 757 
1182 511 512 759 1180 
1186 153 167 498 1185 
1190 492 498 1189 
1198 511 512 1191 1196 
1202 153 167 498 1201 
1206 492 498 1205 
1214 511 512 1207 1212 
1218 153 167 498 1217 
1222 492 498 1221 
1230 511 512 1223 1228 
1234 153 167 498 1233 
1238 492 498 1237 
1246 511 512 1239 1244 
1250 153 167 498 1249 
1254 492 498 1253 
1262 511 512 1255 1260 
1266 153 167 498 1265 
1270 492 498 1269 
1278 511 512 1271 1276 
1281 153 167 498 1185 
1282 492 498 1189 
1289 511 512 1191 1287 
1292 153 167 498 625 
1293 492 498 629 
1300 511 512 631 1298 
1304 153 167 498 1303 
1308 492 498 1307 
1316 511 512 1309 1314 
1320 153 167 498 1319 
1324 492 498 1323 
1332 511 512 1325 1330 
1336 153 167 498 1335 
1340 492 498 1339 
1348 511 512 1341 1346 
1352 153 167 498 1351 
1356 492 498 1355 
1364 511 512 1357 1362 
1367 153 167 498 1051 
1368 492 498 1055 
1375 511 512 1057 1373 
1378 153 167 498 1019 
1379 492 498 1023 
1386 511 512 1025 1384 
1390 153 167 498 1389 
1394 492 498 1393 
1402 511 512 1395 1400 
1405 153 167 498 1035 
1406 492 498 1039 
1412 511 512 1041 1410 
1416 153 167 498 1415 
1420 492 498 1419 
1428 511 512 1421 1426 
1432 153 167 498 1431 
1436 492 498 1435 
1444 511 512 1437 1442 
1448 153 167 498 1447 
1452 492 498 1451 
1460 511 512 1453 1458 
1464 153 167 498 1463 
1468 492 498 1467 
1476 511 512 1469 1474 
1479 153 167 498 785 
1480 492 498 789 
1487 511 512 791 1485 
1491 153 167 498 1490 
1495 492 498 1494 
1503 511 512 1496 1501 
1507 153 167 498 1506 
1511 492 498 1510 
1519 511 512 1512 1517 
1523 153 167 498 1522 
1527 492 498 1526 
1535 511 512 1528 1533 
1539 153 167 498 1538 
1543 492 498 1542 
1551 511 512 1544 1549 
1555 153 167 498 1554 
1559 492 498 1558 
1567 511 512 1560 1565 
1571 153 167 498 1570 
1575 492 498 1574 
1583 511 512 1576 1581 
1587 153 167 498 1586 
1591 492 498 1590 
1599 511 512 1592 1597 
1603 153 167 498 1602 
1607 492 498 1606 
1615 511 512 1608 1613 
1619 153 167 498 1618 
1623 492 498 1622 
1630 511 512 1624 1628 
1634 153 167 498 1633 
1638 492 498 1637 
1646 511 512 1639 1644 
1650 153 167 498 1649 
1654 492 498 1653 
1662 511 512 1655 1660 
1666 153 167 498 1665 
1670 492 498 1669 
1678 511 512 1671 1676 
1682 153 167 498 1681 
1686 492 498 1685 
1694 511 512 1687 1692 
1698 153 167 498 1697 
1702 492 498 1701 
1710 511 512 1703 1708 
1714 153 167 498 1713 
1718 492 498 1717 
1726 511 512 1719 1724 
1730 153 167 498 1729 
1734 492 498 1733 
1742 511 512 1735 1740 
1746 153 167 498 1745 
1750 492 498 1749 
1758 511 512 1751 1756 
1762 153 167 498 1761 
1766 492 498 1765 
1774 511 512 1767 1772 
1778 153 167 498 1777 
1782 492 498 1781 
1790 511 512 1783 1788 
1794 153 167 498 1793 
1798 492 498 1797 
1806 511 512 1799 1804 
1809 153 167 498 1319 
1810 492 498 1323 
1817 511 512 1325 1815 
1821 153 167 498 1820 
1825 492 498 1824 
1833 511 512 1826 1831 
1837 153 167 498 1836 
1841 492 498 1840 
1849 511 512 1842 1847 
1853 153 167 498 1852 
1857 492 498 1856 
1865 511 512 1858 1863 
1869 153 167 498 1868 
1873 492 498 1872 
1881 511 512 1874 1879 
1885 153 167 498 1884 
1889 492 498 1888 
1897 511 512 1890 1895 
1901 153 167 498 1900 
1905 492 498 1904 
1913 511 512 1906 1911 
1916 153 167 498 1303 
1917 492 498 1307 
1924 511 512 1309 1922 
1927 153 167 498 1463 
1928 492 498 1467 
1935 511 512 1469 1933 
1938 153 167 498 1697 
1939 492 498 1701 
1946 511 512 1703 1944 
1950 153 167 498 1949 
1954 492 498 1953 
1962 511 512 1955 1960 
1966 153 167 498 1965 
1970 492 498 1969 
1978 511 512 1971 1976 
1982 153 167 498 1981 
1986 492 498 1985 
1994 511 512 1987 1992 
1998 153 167 498 1997 
2002 492 498 2001 
2009 511 512 2003 2007 
2013 153 167 498 2012 
2017 492 498 2016 
2025 511 512 2018 2023 
2029 153 167 498 2028 
2033 492 498 2032 
2041 511 512 2034 2039 
2045 153 167 498 2044 
2049 492 498 2048 
2057 511 512 2050 2055 
2060 153 167 498 769 
2061 492 498 773 
2068 511 512 775 2066 
2071 153 167 498 657 
2072 492 498 661 
2079 511 512 663 2077 
2082 153 167 498 1158 
2083 492 498 1162 
2090 511 512 1164 2088 
2093 153 167 498 1586 
2094 492 498 1590 
2101 511 512 1592 2099 
2105 153 167 498 2104 
2109 492 498 2108 
2117 511 512 2110 2115 
2121 153 167 498 2120 
2125 492 498 2124 
2133 511 512 2126 2131 
2137 153 167 498 2136 
2141 492 498 2140 
2149 511 512 2142 2147 
2153 153 167 498 2152 
2157 492 498 2156 
2165 511 512 2158 2163 
2169 153 167 498 2168 
2173 492 498 2172 
2181 511 512 2174 2179 
2185 153 167 498 2184 
2189 492 498 2188 
2197 511 512 2190 2195 
2201 153 167 498 2200 
2205 492 498 2204 
2213 511 512 2206 2211 
2216 153 167 498 641 
2217 492 498 645 
2224 511 512 647 2222 
2227 153 167 498 528 
2228 492 498 533 
2235 511 512 535 2233 
2239 153 167 498 2238 
2243 492 498 2242 
2251 511 512 2244 2249 
2255 153 167 498 2254 
2259 492 498 2258 
2267 511 512 2260 2265 
2271 153 167 498 2270 
2275 492 498 2274 
2283 511 512 2276 2281 
2287 153 167 498 2286 
2291 492 498 2290 
2299 511 512 2292 2297 
2303 153 167 498 2302 
2307 492 498 2306 
2315 511 512 2308 2313 
2319 153 167 498 2318 
2323 492 498 2322 
2331 511 512 2324 2329 
2335 153 167 498 2334 
2339 492 498 2338 
2347 511 512 2340 2345 
2351 153 167 498 2350 
2355 492 498 2354 
2363 511 512 2356 2361 
2367 153 167 498 2366 
2371 492 498 2370 
2379 511 512 2372 2377 
2382 153 167 498 924 
2383 492 498 928 
2390 511 512 930 2388 
2394 153 167 498 2393 
2398 492 498 2397 
2406 511 512 2399 2404 
2410 153 167 498 2409 
2414 492 498 2413 
2422 511 512 2415 2420 
2426 153 167 498 2425 
2430 492 498 2429 
2438 511 512 2431 2436 
2442 153 167 498 2441 
2446 492 498 2445 
2454 511 512 2447 2452 
2458 153 167 498 2457 
2462 492 498 2461 
2470 511 512 2463 2468 
2474 153 167 498 2473 
2478 492 498 2477 
2486 511 512 2479 2484 
2490 153 167 498 2489 
2494 492 498 2493 
2502 511 512 2495 2500 
2506 153 167 498 2505 
2510 492 498 2509 
2518 511 512 2511 2516 
2521 153 167 498 908 
2522 492 498 912 
2529 511 512 914 2527 
2532 153 167 498 1522 
2533 492 498 1526 
2540 511 512 1528 2538 
2543 153 167 498 1538 
2544 492 498 1542 
2551 511 512 1544 2549 
2554 153 167 498 1554 
2555 492 498 1558 
2562 511 512 1560 2560 
2565 153 167 498 1570 
2566 492 498 1574 
2573 511 512 1576 2571 
2576 153 167 498 1004 
2577 492 498 1008 
2584 511 512 1010 2582 
2587 153 167 498 1633 
2588 492 498 1637 
2595 511 512 1639 2593 
2598 153 167 498 1649 
2599 492 498 1653 
2606 511 512 1655 2604 
2609 153 167 498 1665 
2610 492 498 1669 
2617 511 512 1671 2615 
2620 153 167 498 1681 
2621 492 498 1685 
2628 511 512 1687 2626 
2631 153 167 498 2044 
2632 492 498 2048 
2639 511 512 2050 2637 
2642 153 167 498 2302 
2643 492 498 2306 
2650 511 512 2308 2648 
2653 153 167 498 2318 
2654 492 498 2322 
2661 511 512 2324 2659 
2664 153 167 498 2334 
2665 492 498 2338 
2672 511 512 2340 2670 
2675 153 167 498 2350 
2676 492 498 2354 
2683 511 512 2356 2681 
2686 153 167 498 2200 
2687 492 498 2204 
2694 511 512 2206 2692 
2697 153 167 498 1389 
2698 492 498 1393 
2705 511 512 1395 2703 
2708 153 167 498 2457 
2709 492 498 2461 
2716 511 512 2463 2714 
2719 153 167 498 2473 
2720 492 498 2477 
2727 511 512 2479 2725 
2730 153 167 498 2489 
2731 492 498 2493 
2738 511 512 2495 2736 
2741 153 167 498 2505 
2742 492 498 2509 
2749 511 512 2511 2747 
2752 153 167 498 2366 
2753 492 498 2370 
2760 511 512 2372 2758 
2763 153 167 498 1078 
2764 492 498 1082 
2771 511 512 1084 2769 
2774 153 167 498 1094 
2775 492 498 1098 
2782 511 512 1100 2780 
2785 153 167 498 1949 
2786 492 498 1953 
2793 511 512 1955 2791 
2796 153 167 498 1965 
2797 492 498 1969 
2804 511 512 1971 2802 
2807 153 167 498 1142 
2808 492 498 1146 
2815 511 512 1148 2813 
2818 153 167 498 1201 
2819 492 498 1205 
2826 511 512 1207 2824 
2829 153 167 498 1217 
2830 492 498 1221 
2837 511 512 1223 2835 
2840 153 167 498 2104 
2841 492 498 2108 
2848 511 512 2110 2846 
2851 153 167 498 2120 
2852 492 498 2124 
2859 511 512 2126 2857 
2862 153 167 498 1447 
2863 492 498 1451 
2870 511 512 1453 2868 
2873 153 167 498 801 
2874 492 498 805 
2881 511 512 807 2879 
2884 153 167 498 817 
2885 492 498 821 
2892 511 512 823 2890 
2895 153 167 498 1713 
2896 492 498 1717 
2903 511 512 1719 2901 
2906 153 167 498 1729 
2907 492 498 1733 
2914 511 512 1735 2912 
2917 153 167 498 940 
2918 492 498 944 
2925 511 512 946 2923 
2928 153 167 498 956 
2929 492 498 960 
2936 511 512 962 2934 
2939 153 167 498 1820 
2940 492 498 1824 
2947 511 512 1826 2945 
2950 153 167 498 1836 
2951 492 498 1840 
2958 511 512 1842 2956 
2961 153 167 498 545 
2962 492 498 549 
2969 511 512 551 2967 
2972 153 167 498 561 
2973 492 498 565 
2980 511 512 567 2978 
2983 153 167 498 577 
2984 492 498 581 
2991 511 512 583 2989 
2994 153 167 498 593 
2995 492 498 597 
3002 511 512 599 3000 
3005 153 167 498 1868 
3006 492 498 1872 
3013 511 512 1874 3011 
3016 153 167 498 2168 
3017 492 498 2172 
3024 511 512 2174 3022 
3027 153 167 498 673 
3028 492 498 677 
3035 511 512 679 3033 
3038 153 167 498 689 
3039 492 498 693 
3046 511 512 695 3044 
3049 153 167 498 705 
3050 492 498 709 
3057 511 512 711 3055 
3060 153 167 498 721 
3061 492 498 725 
3068 511 512 727 3066 
3071 153 167 498 1761 
3072 492 498 1765 
3079 511 512 1767 3077 
3082 153 167 498 2012 
3083 492 498 2016 
3090 511 512 2018 3088 
3093 153 167 498 2238 
3094 492 498 2242 
3101 511 512 2244 3099 
3104 153 167 498 2254 
3105 492 498 2258 
3112 511 512 2260 3110 
3115 153 167 498 2270 
3116 492 498 2274 
3123 511 512 2276 3121 
3126 153 167 498 2286 
3127 492 498 2290 
3134 511 512 2292 3132 
3137 153 167 498 2184 
3138 492 498 2188 
3145 511 512 2190 3143 
3148 153 167 498 1351 
3149 492 498 1355 
3156 511 512 1357 3154 
3159 153 167 498 2393 
3160 492 498 2397 
3167 511 512 2399 3165 
3170 153 167 498 2409 
3171 492 498 2413 
3178 511 512 2415 3176 
3181 153 167 498 2425 
3182 492 498 2429 
3189 511 512 2431 3187 
3192 153 167 498 2441 
3193 492 498 2445 
3200 511 512 2447 3198 
3203 153 167 498 2028 
3204 492 498 2032 
3211 511 512 2034 3209 
3214 153 167 498 1265 
3215 492 498 1269 
3222 511 512 1271 3220 
3225 153 167 498 1415 
3226 492 498 1419 
3233 511 512 1421 3231 
3236 153 167 498 1602 
3237 492 498 1606 
3244 511 512 1608 3242 
3247 153 167 498 1981 
3248 492 498 1985 
3255 511 512 1987 3253 
3258 153 167 498 1997 
3259 492 498 2001 
3266 511 512 2003 3264 
3269 153 167 498 1110 
3270 492 498 1114 
3277 511 512 1116 3275 
3280 153 167 498 1126 
3281 492 498 1130 
3288 511 512 1132 3286 
3291 153 167 498 1431 
3292 492 498 1435 
3299 511 512 1437 3297 
3302 153 167 498 1335 
3303 492 498 1339 
3310 511 512 1341 3308 
3313 153 167 498 1490 
3314 492 498 1494 
3321 511 512 1496 3319 
3324 153 167 498 2136 
3325 492 498 2140 
3332 511 512 2142 3330 
3335 153 167 498 2152 
3336 492 498 2156 
3343 511 512 2158 3341 
3346 153 167 498 1233 
3347 492 498 1237 
3354 511 512 1239 3352 
3357 153 167 498 1249 
3358 492 498 1253 
3365 511 512 1255 3363 
3368 153 167 498 609 
3369 492 498 613 
3376 511 512 615 3374 
3379 153 167 498 1618 
3380 492 498 1622 
3387 511 512 1624 3385 
3390 153 167 498 1852 
3391 492 498 1856 
3398 511 512 1858 3396 
3401 153 167 498 833 
3402 492 498 837 
3409 511 512 839 3407 
3412 153 167 498 849 
3413 492 498 853 
3420 511 512 855 3418 
3423 153 167 498 1777 
3424 492 498 1781 
3431 511 512 1783 3429 
3434 153 167 498 1793 
3435 492 498 1797 
3442 511 512 1799 3440 
3445 153 167 498 737 
3446 492 498 741 
3453 511 512 743 3451 
3456 153 167 498 1506 
3457 492 498 1510 
3464 511 512 1512 3462 
3467 153 167 498 1745 
3468 492 498 1749 
3475 511 512 1751 3473 
3478 153 167 498 972 
3479 492 498 976 
3486 511 512 978 3484 
3489 153 167 498 988 
3490 492 498 992 
3497 511 512 994 3495 
3500 153 167 498 1884 
3501 492 498 1888 
3508 511 512 1890 3506 
3511 153 167 498 1900 
3512 492 498 1904 
3519 511 512 1906 3517 
3522 153 167 498 865 
3523 492 498 869 
3530 511 512 871 3528 
472 8 14 18 167 
475 1 8 14 18 
501 229 252 
498 1 8 14 18 
506 229 252 
492 153 167 
514 229 252 
521 76 112 153 167 
511 1 8 14 18 
512 153 167 
528 230 342 
533 230 342 
535 230 342 
540 63 133 153 167 
545 231 401 
549 231 401 
551 231 401 
556 83 153 167 181 
561 232 402 
565 232 402 
567 232 402 
572 6 75 153 167 
577 233 403 
581 233 403 
583 233 403 
588 51 61 153 167 
593 234 404 
597 234 404 
599 234 404 
604 153 157 167 212 
609 235 438 
613 235 438 
615 235 438 
620 56 153 167 225 
625 236 279 
629 236 279 
631 236 279 
636 153 167 168 191 
641 237 341 
645 237 341 
647 237 341 
652 34 112 153 167 
657 238 331 
661 238 331 
663 238 331 
668 63 153 166 167 
673 239 407 
677 239 407 
679 239 407 
684 32 83 153 167 
689 240 408 
693 240 408 
695 240 408 
700 6 102 153 167 
705 241 409 
709 241 409 
711 241 409 
716 51 153 167 172 
721 242 410 
725 242 410 
727 242 410 
732 153 157 167 205 
737 243 445 
741 243 445 
743 243 445 
748 48 56 153 167 
753 244 271 
757 244 271 
759 244 271 
764 57 153 167 191 
769 245 330 
773 245 330 
775 245 330 
780 24 34 153 167 
785 246 292 
789 246 292 
791 246 292 
796 153 158 167 188 
801 247 393 
805 247 393 
807 247 393 
812 33 153 165 167 
817 248 394 
821 248 394 
823 248 394 
828 92 102 153 167 
833 249 441 
837 249 441 
839 249 441 
844 66 153 167 219 
849 250 442 
853 250 442 
855 250 442 
860 89 98 153 167 
865 251 452 
869 251 452 
871 251 452 
876 48 153 167 197 
887 19 148 153 167 
892 253 264 
896 253 264 
898 253 264 
903 153 167 169 175 
908 254 361 
912 254 361 
914 254 361 
919 24 153 167 207 
924 255 352 
928 255 352 
930 255 352 
935 133 153 158 167 
940 256 397 
944 256 397 
946 256 397 
951 153 165 167 181 
956 257 398 
960 257 398 
962 257 398 
967 92 146 153 167 
972 258 448 
976 258 448 
978 258 448 
983 66 153 167 170 
988 259 449 
992 259 449 
994 259 449 
999 98 153 167 197 
1004 260 366 
1008 260 366 
1010 260 366 
1014 153 160 167 197 
1019 261 285 
1023 261 285 
1025 261 285 
1030 148 153 167 168 
1035 262 287 
1039 262 287 
1041 262 287 
1046 111 134 153 167 
1051 263 284 
1055 263 284 
1057 263 284 
1062 153 167 201 208 
1073 37 65 153 167 
1078 265 383 
1082 265 383 
1084 265 383 
1089 22 153 167 172 
1094 266 384 
1098 266 384 
1100 266 384 
1105 146 153 167 173 
1110 267 429 
1114 267 429 
1116 267 429 
1121 80 137 153 167 
1126 268 430 
1130 268 430 
1132 268 430 
1137 25 55 153 167 
1142 269 387 
1146 269 387 
1148 269 387 
1153 153 167 194 221 
1158 270 332 
1162 270 332 
1164 270 332 
1169 26 58 153 167 
1180 153 167 208 215 
1185 272 278 
1189 272 278 
1191 272 278 
1196 37 153 167 218 
1201 273 388 
1205 273 388 
1207 273 388 
1212 22 33 153 167 
1217 274 389 
1221 274 389 
1223 274 389 
1228 45 153 167 173 
1233 275 436 
1237 275 436 
1239 275 436 
1244 67 137 153 167 
1249 276 437 
1253 276 437 
1255 276 437 
1260 55 153 167 224 
1265 277 424 
1269 277 424 
1271 277 424 
1276 9 25 153 167 
1287 58 153 167 175 
1298 27 153 167 215 
1303 280 320 
1307 280 320 
1309 280 320 
1314 151 153 166 167 
1319 281 313 
1323 281 313 
1325 281 313 
1330 43 118 153 167 
1335 282 432 
1339 282 432 
1341 282 432 
1346 17 45 153 167 
1351 283 418 
1355 283 418 
1357 283 418 
1362 9 153 167 189 
1373 47 57 153 167 
1384 27 76 153 167 
1389 286 377 
1393 286 377 
1395 286 377 
1400 151 153 167 169 
1410 118 153 167 172 
1415 288 425 
1419 288 425 
1421 288 425 
1426 17 103 153 167 
1431 289 431 
1435 289 431 
1437 289 431 
1442 153 167 189 225 
1447 290 392 
1451 290 392 
1453 290 392 
1458 47 153 167 221 
1463 291 321 
1467 291 321 
1469 291 321 
1474 26 153 167 214 
1485 145 153 167 174 
1490 293 433 
1494 293 433 
1496 293 433 
1501 3 54 153 167 
1506 294 446 
1510 294 446 
1512 294 446 
1517 140 153 167 193 
1522 295 362 
1526 295 362 
1528 295 362 
1533 81 124 153 167 
1538 296 363 
1542 296 363 
1544 296 363 
1549 87 95 153 167 
1554 297 364 
1558 297 364 
1560 297 364 
1565 143 153 167 210 
1570 298 365 
1574 298 365 
1576 298 365 
1581 70 114 153 167 
1586 299 333 
1590 299 333 
1592 299 333 
1597 52 153 167 174 
1602 300 426 
1606 300 426 
1608 300 426 
1613 3 71 153 167 
1618 301 439 
1622 301 439 
1624 301 439 
1628 140 153 167 172 
1633 302 367 
1637 302 367 
1639 302 367 
1644 11 81 153 167 
1649 303 368 
1653 303 368 
1655 303 368 
1660 95 153 167 185 
1665 304 369 
1669 304 369 
1671 304 369 
1676 153 156 167 210 
1681 305 370 
1685 305 370 
1687 305 370 
1692 38 114 153 167 
1697 306 322 
1701 306 322 
1703 306 322 
1708 52 125 153 167 
1713 307 395 
1717 307 395 
1719 307 395 
1724 40 71 153 167 
1729 308 396 
1733 308 396 
1735 308 396 
1740 123 132 153 167 
1745 309 447 
1749 309 447 
1751 309 447 
1756 131 153 167 212 
1761 310 411 
1765 310 411 
1767 310 411 
1772 153 167 178 185 
1777 311 443 
1781 311 443 
1783 311 443 
1788 107 153 156 167 
1793 312 444 
1797 312 444 
1799 312 444 
1804 120 153 167 224 
1815 125 134 153 167 
1820 314 399 
1824 314 399 
1826 314 399 
1831 40 50 153 167 
1836 315 400 
1840 315 400 
1842 315 400 
1847 123 153 167 193 
1852 316 440 
1856 316 440 
1858 316 440 
1863 124 131 153 167 
1868 317 405 
1872 317 405 
1874 317 405 
1879 153 167 170 178 
1884 318 450 
1888 318 450 
1890 318 450 
1895 80 107 153 167 
1900 319 451 
1904 319 451 
1906 319 451 
1911 70 120 153 167 
1922 119 126 153 167 
1933 153 167 202 207 
1944 43 73 153 167 
1949 323 385 
1953 323 385 
1955 323 385 
1960 10 50 153 167 
1965 324 386 
1969 324 386 
1971 324 386 
1976 5 60 153 167 
1981 325 427 
1985 325 427 
1987 325 427 
1992 150 153 167 211 
1997 326 428 
2001 326 428 
2003 326 428 
2007 153 167 192 197 
2012 327 412 
2016 327 412 
2018 327 412 
2023 86 89 153 167 
2028 328 423 
2032 328 423 
2034 328 423 
2039 97 149 153 167 
2044 329 371 
2048 329 371 
2050 329 371 
2055 153 155 160 167 
2066 153 167 195 200 
2077 7 119 153 167 
2088 153 167 202 218 
2099 73 153 167 188 
2104 334 390 
2108 334 390 
2110 334 390 
2115 10 108 153 167 
2120 335 391 
2124 335 391 
2126 335 391 
2131 60 132 153 167 
2136 336 434 
2140 336 434 
2142 336 434 
2147 150 153 167 219 
2152 337 435 
2156 337 435 
2158 337 435 
2163 139 153 167 192 
2168 338 406 
2172 338 406 
2174 338 406 
2179 86 96 153 167 
2184 339 417 
2188 339 417 
2190 339 417 
2195 67 97 153 167 
2200 340 376 
2204 340 376 
2206 340 376 
2211 2 153 155 167 
2222 19 153 167 200 
2233 7 104 153 167 
2238 343 413 
2242 343 413 
2244 343 413 
2249 32 110 153 167 
2254 344 414 
2258 344 414 
2260 344 414 
2265 44 54 153 167 
2270 345 415 
2274 345 415 
2276 345 415 
2281 29 108 153 167 
2286 346 416 
2290 346 416 
2292 346 416 
2297 42 153 167 205 
2302 347 372 
2306 347 372 
2308 347 372 
2313 11 31 153 167 
2318 348 373 
2322 348 373 
2324 348 373 
2329 139 153 167 171 
2334 349 374 
2338 349 374 
2340 349 374 
2345 96 153 162 167 
2350 350 375 
2354 350 375 
2356 350 375 
2361 38 153 167 204 
2366 351 382 
2370 351 382 
2372 351 382 
2377 2 153 167 194 
2388 104 145 153 167 
2393 353 419 
2397 353 419 
2399 353 419 
2404 103 110 153 167 
2409 354 420 
2413 354 420 
2415 354 420 
2420 44 75 153 167 
2425 355 421 
2429 355 421 
2431 355 421 
2436 29 61 153 167 
2441 356 422 
2445 356 422 
2447 356 422 
2452 5 42 153 167 
2457 357 378 
2461 357 378 
2463 357 378 
2468 31 153 167 211 
2473 358 379 
2477 358 379 
2479 358 379 
2484 87 153 167 171 
2489 359 380 
2493 359 380 
2495 359 380 
2500 143 153 162 167 
2505 360 381 
2509 360 381 
2511 360 381 
2516 149 153 167 204 
2527 153 167 195 214 
2538 4 116 153 167 
2549 77 153 161 167 
2560 68 113 153 167 
2571 49 59 153 167 
2582 147 153 167 209 
2593 4 101 153 167 
2604 77 99 153 167 
2615 113 153 167 186 
2626 59 153 163 167 
2637 85 147 153 167 
2648 91 101 153 167 
2659 153 167 179 184 
2670 138 153 167 183 
2681 106 153 163 167 
2692 85 105 153 167 
2703 65 126 153 167 
2714 16 91 153 167 
2725 153 161 167 184 
2736 68 138 153 167 
2747 78 106 153 167 
2758 23 105 153 167 
2769 13 111 153 167 
2780 153 167 213 228 
2791 20 153 167 199 
2802 21 30 153 167 
2813 23 35 153 167 
2824 13 93 153 167 
2835 53 153 167 228 
2846 20 100 153 167 
2857 21 90 153 167 
2868 35 153 167 201 
2879 93 141 153 167 
2890 109 153 159 167 
2901 153 164 167 216 
2912 90 115 153 167 
2923 141 153 167 206 
2934 153 159 167 213 
2945 153 167 199 216 
2956 115 153 167 223 
2967 152 153 167 206 
2978 84 127 153 167 
2989 41 72 153 167 
3000 153 167 222 227 
3011 88 144 153 167 
3022 153 167 176 183 
3033 117 152 153 167 
3044 84 109 153 167 
3055 72 153 167 187 
3066 12 153 167 222 
3077 88 99 153 167 
3088 28 153 167 176 
3099 74 117 153 167 
3110 64 136 153 167 
3121 15 100 153 167 
3132 12 82 153 167 
3143 142 153 167 177 
3154 129 153 167 220 
3165 74 135 153 167 
3176 127 136 153 167 
3187 15 41 153 167 
3198 30 82 153 167 
3209 78 142 153 167 
3220 94 129 153 167 
3231 128 135 153 167 
3242 62 153 164 167 
3253 16 153 167 198 
3264 121 153 167 180 
3275 39 153 167 182 
3286 94 153 154 167 
3297 46 153 167 220 
3308 53 128 153 167 
3319 62 64 153 167 
3330 153 167 198 217 
3341 121 153 167 179 
3352 153 167 177 182 
3363 153 154 167 203 
3374 36 46 153 167 
3385 153 167 187 226 
3396 116 122 153 167 
3407 130 153 167 217 
3418 28 79 153 167 
3429 69 153 167 186 
3440 153 167 196 203 
3451 36 153 167 190 
3462 153 167 223 226 
3473 122 153 167 227 
3484 130 144 153 167 
3495 79 153 167 180 
3506 39 69 153 167 
3517 49 153 167 196 
3528 153 167 190 209 
