34 1 364 
35 2 365 
36 3 366 
37 4 367 
38 10 368 
39 15 369 
40 16 370 
41 5 388 
42 6 389 
43 7 390 
44 8 391 
45 9 392 
46 11 393 
47 12 394 
48 13 395 
49 14 396 
50 352 404 644 646 
51 61 316 437 647 
52 62 317 437 648 
53 64 246 437 649 
54 65 228 437 650 
55 66 469 
56 77 449 
57 78 450 
58 63 475 
364 110 322 350 515 
365 110 324 348 518 
366 110 323 348 521 
367 110 322 349 524 
368 111 323 351 527 
369 111 325 350 530 
370 111 324 351 533 
388 110 324 350 587 
389 110 323 350 590 
390 110 322 351 593 
391 110 325 348 596 
392 111 324 349 599 
393 111 324 350 602 
394 111 323 350 605 
395 111 322 351 608 
396 111 324 349 611 
352 32 33 347 
646 32 33 347 
644 363 374 637 643 
404 387 619 
61 32 33 
316 269 271 
647 17 24 31 
437 363 374 637 643 
62 32 33 
317 198 201 203 204 
648 25 31 
64 32 33 
246 11 124 180 208 
649 27 31 
65 32 33 
228 75 183 184 
650 28 31 
66 32 33 
469 258 264 437 651 
449 33 288 374 625 
77 21 29 33 
450 33 289 363 631 
78 22 30 33 
475 156 283 437 652 
63 32 33 
110 72 88 481 
322 293 308 
515 341 345 346 
350 315 339 
324 293 308 
518 341 345 346 
348 315 339 
323 293 308 
521 341 345 346 
524 341 345 346 
349 315 339 
111 72 88 483 
527 341 345 346 
351 315 339 
325 293 308 
530 341 345 346 
533 341 345 346 
587 341 345 356 
590 341 345 356 
593 341 345 356 
596 341 345 356 
599 341 345 356 
602 341 345 346 
605 341 345 346 
608 341 345 346 
611 341 345 346 
347 83 340 342 489 
637 371 372 373 634 
374 110 325 348 545 
643 362 378 379 640 
363 111 324 351 512 
619 384 385 386 616 
387 89 322 348 584 
269 67 231 
271 106 197 199 
204 4 14 22 33 
203 11 12 13 
198 1 2 3 
201 10 15 16 
180 2 5 8 
208 9 14 16 
124 15 18 24 33 
75 19 23 33 
184 3 6 8 
183 10 12 16 
258 109 177 205 
264 67 232 
651 19 23 31 
288 70 106 197 199 
625 371 372 373 622 
289 71 107 201 207 
631 362 378 379 628 
156 1 17 24 33 
283 200 202 203 
652 26 31 
88 23 24 32 33 
481 29 31 33 
72 23 24 
293 28 248 
308 27 31 246 
346 25 31 83 318 
341 31 84 264 271 
315 85 275 
339 26 31 313 
483 30 31 33 
356 25 31 83 318 
83 20 23 31 
340 31 84 264 271 
489 82 307 338 486 
342 25 31 318 
373 110 322 351 542 
372 110 323 350 539 
634 357 358 359 360 
371 110 324 350 536 
545 341 345 356 
362 111 325 350 509 
379 111 324 349 560 
640 361 375 376 377 
378 111 322 351 557 
512 341 345 346 
386 89 322 348 581 
385 89 322 349 578 
616 380 381 382 383 
384 89 323 348 575 
89 23 24 32 33 
584 341 345 356 
231 9 10 15 16 
67 21 33 
106 4 8 
197 1 2 3 
199 5 6 7 
109 13 20 23 33 
205 9 14 16 
177 4 7 10 
232 9 10 15 16 
70 29 33 
622 357 358 359 360 
71 30 33 
107 9 14 
207 11 12 13 
628 361 375 376 377 
200 5 6 7 
202 10 15 16 
248 31 75 183 184 
318 198 201 203 206 
84 17 24 31 
275 31 109 177 205 
85 19 23 31 
313 144 200 202 203 
82 18 24 31 
338 26 31 313 
486 28 85 248 275 
307 27 31 246 
542 341 345 356 
539 341 345 356 
360 110 322 349 503 
359 110 323 348 500 
357 110 322 350 494 
358 110 324 348 497 
536 341 345 356 
509 341 345 346 
560 341 345 346 
377 111 323 350 554 
376 111 324 350 551 
375 111 324 349 548 
361 111 323 351 506 
557 341 345 346 
581 341 345 355 
578 341 345 356 
383 89 324 348 572 
382 89 322 350 569 
380 89 322 348 563 
381 89 322 348 566 
575 341 345 356 
206 4 14 22 33 
144 1 17 24 33 
503 341 345 346 
500 341 345 346 
494 341 345 346 
497 341 345 346 
554 341 345 346 
551 341 345 346 
548 341 345 356 
506 341 345 346 
355 25 31 83 318 
572 341 345 356 
569 341 345 356 
563 341 345 356 
566 341 345 346 
