177 151 154 
178 66 67 
179 63 163 
180 65 249 
181 66 250 
182 66 251 
183 66 252 
184 66 253 
185 256 919 
186 259 1123 
187 260 1428 
188 261 1479 
189 262 1520 
190 263 1383 
191 264 1702 
192 265 1703 
193 266 1704 
194 267 1705 
195 272 474 
196 277 513 
197 292 1876 
198 307 1880 
199 64 308 
200 64 309 
201 314 484 
202 319 486 
203 324 488 
204 329 490 
205 334 500 
206 339 502 
207 344 504 
208 349 506 
209 64 350 
210 64 351 
211 64 352 
212 64 353 
213 64 354 
214 64 355 
215 64 356 
216 64 357 
217 358 2027 
218 1777 1880 
219 99 360 
220 366 472 
221 371 476 
222 376 478 
223 381 480 
224 386 482 
225 391 494 
226 396 496 
227 401 498 
228 64 402 
229 64 403 
230 64 404 
231 64 405 
232 64 406 
233 64 407 
234 64 408 
235 64 409 
236 414 511 
237 419 514 
238 424 492 
239 429 508 
240 1 134 
241 11 162 
242 136 152 
243 432 986 
244 432 987 
245 432 988 
246 432 989 
247 64 2312 
248 64 2315 
254 255 1171 
257 258 1176 
268 269 1914 
270 271 781 
273 274 1918 
275 276 819 
278 279 1797 
280 281 1796 
282 283 1795 
284 285 1794 
286 287 1879 
288 289 1878 
290 291 1877 
293 294 1772 
295 296 1806 
297 298 1805 
299 300 1804 
301 302 1883 
303 304 1882 
305 306 1881 
310 311 1964 
312 313 791 
315 316 1967 
317 318 793 
320 321 1970 
322 323 795 
325 326 1972 
327 328 797 
330 331 1975 
332 333 807 
335 336 1978 
337 338 809 
340 341 1981 
342 343 811 
345 346 1983 
347 348 813 
362 363 2097 
364 365 777 
367 368 2100 
369 370 783 
372 373 2103 
374 375 785 
377 378 2106 
379 380 787 
382 383 2109 
384 385 789 
387 388 2112 
389 390 801 
392 393 2115 
394 395 803 
397 398 2118 
399 400 805 
410 411 2281 
412 413 817 
415 416 2283 
417 418 821 
420 421 2298 
422 423 799 
425 426 2301 
427 428 815 
249 11 12 
250 735 1076 
251 755 1078 
252 775 1080 
253 779 1082 
919 615 704 
1123 1049 1052 
260 1309 1415 
1428 1312 1427 
261 1006 1466 
1479 1322 1478 
262 1006 1509 
1520 1325 1519 
263 1300 1368 
1383 1307 1382 
264 1354 1560 
1702 260 1575 
265 1357 1562 
1703 261 1580 
266 1363 1564 
1704 263 1570 
267 1366 1566 
1705 262 1585 
474 170 473 
513 173 512 
1876 1822 1838 
1880 1825 1842 
308 446 1935 
309 464 1951 
484 170 483 
486 170 485 
488 170 487 
490 170 489 
500 173 499 
502 173 501 
504 173 503 
506 173 505 
350 436 2010 
351 448 2012 
352 450 2014 
353 452 2016 
354 454 2018 
355 466 2020 
356 468 2022 
357 470 2024 
358 62 176 
2027 1985 2026 
1777 61 1346 
360 361 2058 
472 173 471 
476 170 475 
478 170 477 
480 170 479 
482 170 481 
494 173 493 
496 173 495 
498 173 497 
402 438 2128 
403 440 2130 
404 442 2132 
405 444 2134 
406 456 2136 
407 458 2138 
408 460 2140 
409 462 2142 
511 174 175 
514 174 175 
492 170 491 
508 173 507 
986 593 900 
432 11 12 
987 594 901 
988 595 902 
989 32 161 
2312 516 2311 
2315 518 2314 
255 867 1168 
1171 1046 1170 
258 1036 1173 
1176 1040 1175 
269 170 1788 
1914 170 1913 
781 170 780 
274 173 1789 
1918 173 1917 
819 173 818 
279 2 1308 
1797 1307 1615 
1796 1306 1614 
1795 1305 1612 
1794 1304 1609 
1879 1303 1713 
1878 1824 1840 
1877 1823 1839 
294 21 999 
1772 1287 1322 
1806 1321 1649 
1805 1263 1647 
1804 1320 1644 
1883 1319 1724 
1882 1827 1844 
1881 1826 1843 
311 170 1962 
1964 170 1963 
791 170 790 
316 170 1965 
1967 170 1966 
793 170 792 
321 170 1968 
1970 170 1969 
795 170 794 
326 170 1915 
1972 170 1971 
797 170 796 
331 173 1973 
1975 173 1974 
807 173 806 
336 173 1976 
1978 173 1977 
809 173 808 
341 173 1979 
1981 173 1980 
811 173 810 
346 173 1916 
1983 173 1982 
813 173 812 
363 173 2095 
2097 173 2096 
777 173 776 
368 170 2098 
2100 170 2099 
783 170 782 
373 170 2101 
2103 170 2102 
785 170 784 
378 170 2104 
2106 170 2105 
787 170 786 
383 170 2107 
2109 170 2108 
789 170 788 
388 173 2110 
2112 173 2111 
801 173 800 
393 173 2113 
2115 173 2114 
803 173 802 
398 173 2116 
2118 173 2117 
805 173 804 
411 175 2028 
2281 175 2280 
817 175 816 
416 175 2059 
2283 175 2282 
821 175 820 
421 170 2296 
2298 170 2297 
799 170 798 
426 173 2299 
2301 173 2300 
815 173 814 
1076 734 1075 
735 161 249 
1078 754 1077 
755 161 249 
1080 774 1079 
775 161 249 
1082 778 1081 
779 161 249 
615 100 130 
704 101 130 
1049 921 1008 
1052 142 1051 
1415 1310 1414 
1309 142 998 
1427 1313 1426 
1312 141 994 
1466 1318 1465 
1006 591 897 
1478 1320 1477 
1322 150 1000 
1509 1005 1508 
1519 1268 1518 
1325 147 1002 
1368 1302 1367 
1300 142 998 
1382 1304 1381 
1307 139 991 
1560 1351 1559 
1354 1310 1353 
1575 1438 1574 
1562 1179 1561 
1357 1005 1356 
1580 1489 1579 
1564 1360 1563 
1363 1301 1362 
1570 1393 1569 
1566 1182 1565 
1366 1005 1365 
1585 1530 1584 
473 22 171 
512 22 172 
1838 1713 1791 
1822 1713 1790 
1842 1724 1801 
1825 1724 1800 
1935 747 1934 
446 157 445 
1951 767 1950 
464 159 463 
483 14 171 
485 6 171 
487 5 171 
489 25 171 
499 14 172 
501 6 172 
503 5 172 
505 25 172 
2010 737 2009 
436 157 435 
2012 749 2011 
448 157 447 
2014 751 2013 
450 157 449 
2016 753 2015 
452 157 451 
2018 757 2017 
454 159 453 
2020 769 2019 
466 159 465 
2022 771 2021 
468 159 467 
2024 773 2023 
470 159 469 
2026 510 2025 
1985 168 1984 
1346 591 897 
361 151 431 
2058 1699 2057 
471 41 172 
475 41 171 
477 18 171 
479 40 171 
481 15 171 
493 18 172 
495 40 172 
497 15 172 
2128 739 2127 
438 157 437 
2130 741 2129 
440 157 439 
2132 743 2131 
442 157 441 
2134 745 2133 
444 157 443 
2136 759 2135 
456 159 455 
2138 761 2137 
458 159 457 
2140 763 2139 
460 159 459 
2142 765 2141 
462 159 461 
491 23 171 
507 23 172 
900 34 161 
593 33 161 
901 13 161 
594 35 161 
902 13 161 
595 35 161 
2311 823 2310 
516 157 515 
2314 825 2313 
518 159 517 
1168 860 1167 
867 558 662 
1170 674 1169 
1046 868 872 
1173 1037 1172 
1036 826 831 
1175 1041 1174 
1040 838 843 
1788 171 1738 
1913 171 1855 
780 3 171 
1789 172 1738 
1917 172 1855 
818 3 172 
1308 135 990 
1615 1090 1413 
1306 138 992 
1614 1412 1613 
1305 137 993 
1612 1409 1611 
1304 141 994 
1609 1403 1608 
1303 140 995 
1713 1570 1676 
1840 1713 1758 
1824 1713 1757 
1839 1713 1793 
1823 1713 1792 
999 583 890 
1287 21 999 
1321 149 1001 
1649 1507 1648 
1263 148 898 
1647 1504 1646 
1320 147 1002 
1644 1498 1643 
1319 146 1003 
1724 1580 1679 
1844 1724 1768 
1827 1724 1767 
1843 1724 1803 
1826 1724 1802 
1962 171 1901 
1963 171 1899 
790 16 171 
1965 171 1895 
1966 171 1891 
792 27 171 
1968 171 1893 
1969 171 1889 
794 26 171 
1915 171 1861 
1971 171 1887 
796 24 171 
1973 172 1901 
1974 172 1899 
806 16 172 
1976 172 1895 
1977 172 1891 
808 27 172 
1979 172 1893 
1980 172 1889 
810 26 172 
1916 172 1861 
1982 172 1887 
812 24 172 
2095 172 2045 
2096 172 2037 
776 42 172 
2098 171 2045 
2099 171 2037 
782 42 171 
2101 171 2043 
2102 171 2035 
784 17 171 
2104 171 2041 
2105 171 2033 
786 39 171 
2107 171 2039 
2108 171 2031 
788 36 171 
2110 172 2043 
2111 172 2035 
800 17 172 
2113 172 2041 
2114 172 2033 
802 39 172 
2116 172 2039 
2117 172 2031 
804 36 172 
2028 174 1897 
2280 174 2279 
816 51 174 
2059 174 1921 
2282 174 2278 
820 49 174 
2296 171 2295 
2297 171 2294 
798 4 171 
2299 172 2295 
2300 172 2294 
814 4 172 
1075 1019 1021 
734 161 249 
1077 1023 1025 
754 161 249 
1079 1027 1029 
774 161 249 
1081 1031 1033 
778 161 249 
921 88 920 
1008 88 1007 
1051 925 1011 
1414 1311 1316 
1310 143 997 
998 552 859 
1426 1314 1425 
1313 137 993 
994 548 855 
1465 1005 1319 
1318 145 1004 
897 113 123 
591 114 123 
1477 1321 1476 
1000 584 891 
1508 1324 1328 
1005 590 896 
1518 1326 1517 
1268 148 898 
1002 587 893 
1367 1301 1303 
1302 144 996 
1381 1306 1380 
991 545 852 
1559 1073 1349 
1351 1092 1350 
1353 1093 1352 
1574 1434 1573 
1438 1313 1437 
1561 1005 1006 
1179 1099 1178 
1356 1100 1355 
1579 1485 1578 
1489 1263 1488 
1563 1074 1358 
1360 1084 1359 
1362 1085 1361 
1301 143 997 
1569 1389 1568 
1393 1305 1392 
1565 1005 1006 
1182 1104 1181 
1365 1105 1364 
1584 1526 1583 
1530 1268 1529 
1791 1300 1602 
1790 1300 1600 
1801 1006 1637 
1800 1006 1635 
1934 1785 1906 
747 157 746 
445 81 156 
1950 1787 1910 
767 159 766 
463 81 158 
2009 1931 1933 
737 157 736 
435 76 156 
2011 1908 1937 
749 157 748 
447 72 156 
2013 1939 1941 
751 157 750 
449 70 156 
2015 1943 1945 
753 157 752 
451 68 156 
2017 1947 1949 
757 159 756 
453 76 158 
2019 1912 1953 
769 159 768 
465 72 158 
2021 1955 1957 
771 159 770 
467 70 158 
2023 1959 1961 
773 159 772 
469 68 158 
2025 1120 1821 
510 168 509 
1984 169 1880 
431 152 430 
2057 1587 2056 
1699 1299 1340 
2127 2064 2066 
739 157 738 
437 77 156 
2129 2068 2070 
741 157 740 
439 75 156 
2131 2072 2074 
743 157 742 
441 74 156 
2133 2076 2078 
745 157 744 
443 73 156 
2135 2080 2082 
759 159 758 
455 77 158 
2137 2084 2086 
761 159 760 
457 75 158 
2139 2088 2090 
763 159 762 
459 74 158 
2141 2092 2094 
765 159 764 
461 73 158 
2310 2303 2305 
823 157 822 
515 79 156 
2313 2307 2309 
825 159 824 
517 79 158 
1167 1044 1045 
860 553 657 
558 98 113 
662 102 113 
1169 1047 1048 
674 433 434 
868 562 666 
872 147 871 
1172 1038 1039 
1037 827 833 
826 520 634 
831 143 830 
1174 1042 1043 
1041 839 845 
838 532 646 
843 137 842 
1738 950 1737 
1855 942 1854 
990 544 851 
1090 135 990 
1413 2 1308 
992 546 853 
1613 1089 1410 
1412 1307 1411 
993 547 854 
1611 1406 1610 
1409 1307 1408 
1608 1399 1607 
1403 1305 1402 
995 549 856 
1676 2 1383 
1758 1085 1302 
1757 1111 1302 
1793 1301 1605 
1792 1301 1604 
890 123 130 
583 123 131 
1001 585 892 
1648 1103 1505 
1507 1322 1506 
898 123 125 
1646 1501 1645 
1504 1322 1503 
1643 1494 1642 
1498 1263 1497 
1003 588 894 
1679 21 1479 
1768 1100 1318 
1767 1114 1318 
1803 1005 1640 
1802 1005 1639 
1901 971 1900 
1899 961 1898 
1895 956 1894 
1891 948 1890 
1893 954 1892 
1889 946 1888 
1861 952 1860 
1887 944 1886 
2045 979 2044 
2037 969 2036 
2043 977 2042 
2035 967 2034 
2041 975 2040 
2033 965 2032 
2039 973 2038 
2031 963 2030 
1897 1672 1783 
2279 2257 2273 
1921 1782 1819 
2278 2254 2272 
2295 632 2291 
2294 631 2290 
1019 249 1018 
1021 249 1020 
1023 249 1022 
1025 249 1024 
1027 249 1026 
1029 249 1028 
1031 249 1030 
1033 249 1032 
920 100 142 
1007 101 142 
925 88 98 
1011 88 102 
1316 140 995 
1311 144 996 
997 551 858 
859 88 124 
552 89 124 
1425 1315 1317 
1314 138 992 
855 96 124 
548 97 124 
1004 589 895 
1476 999 1263 
891 123 128 
584 123 129 
1328 146 1003 
1324 145 1004 
896 115 123 
590 116 123 
1517 999 1327 
1326 149 1001 
893 121 123 
587 122 123 
996 550 857 
1380 1305 1308 
852 107 124 
545 108 124 
1073 142 998 
1349 1091 1309 
1350 1309 1310 
1092 144 996 
1352 1309 1311 
1093 140 995 
1573 1431 1572 
1434 1313 1433 
1437 1098 1436 
1178 1005 1006 
1099 145 1004 
1355 1006 1318 
1100 146 1003 
1578 1482 1577 
1485 1263 1484 
1488 999 1487 
1074 142 998 
1358 1083 1300 
1359 1300 1301 
1084 144 996 
1361 1300 1302 
1085 140 995 
1568 1386 1567 
1389 1305 1388 
1392 1090 1391 
1181 1005 1006 
1104 145 1004 
1364 1006 1324 
1105 146 1003 
1583 1523 1582 
1526 1268 1525 
1529 999 1528 
1602 1376 1601 
1600 1373 1599 
1637 1472 1636 
1635 1470 1634 
1785 157 1784 
1906 157 1905 
746 80 156 
1787 159 1786 
1910 159 1909 
766 80 158 
1931 157 1930 
1933 157 1932 
736 86 156 
1908 157 1907 
1937 157 1936 
748 82 156 
1939 157 1938 
1941 157 1940 
750 71 156 
1943 157 1942 
1945 157 1944 
752 69 156 
1947 159 1946 
1949 159 1948 
756 86 158 
1912 159 1911 
1953 159 1952 
768 82 158 
1955 159 1954 
1957 159 1956 
770 71 158 
1959 159 1958 
1961 159 1960 
772 69 158 
1120 168 1119 
1821 168 1820 
509 54 169 
430 136 153 
2056 1920 2055 
1587 1164 1296 
1299 985 1072 
1340 1285 1286 
2064 157 2063 
2066 157 2065 
738 87 156 
2068 157 2067 
2070 157 2069 
740 85 156 
2072 157 2071 
2074 157 2073 
742 84 156 
2076 157 2075 
2078 157 2077 
744 83 156 
2080 159 2079 
2082 159 2081 
758 87 158 
2084 159 2083 
2086 159 2085 
760 85 158 
2088 159 2087 
2090 159 2089 
762 84 158 
2092 159 2091 
2094 159 2093 
764 83 158 
2303 157 2302 
2305 157 2304 
822 78 156 
2307 159 2306 
2309 159 2308 
824 78 158 
1045 862 866 
1044 861 864 
553 100 115 
657 101 115 
1048 870 876 
1047 869 874 
433 148 167 
434 148 164 
562 121 561 
666 121 665 
871 567 671 
1039 829 837 
1038 828 835 
827 522 636 
833 144 832 
520 90 519 
634 90 633 
830 527 641 
1043 841 849 
1042 840 847 
839 534 648 
845 138 844 
532 103 531 
646 103 645 
842 539 653 
1737 1058 1690 
950 175 949 
1854 1132 1829 
942 175 941 
851 109 124 
544 110 124 
853 105 124 
546 106 124 
1089 139 991 
1410 1090 1307 
1411 2 1308 
854 103 124 
547 104 124 
1610 1088 1404 
1406 1090 1405 
1408 1306 1407 
1607 1396 1606 
1399 1305 1398 
1402 1307 1401 
856 94 124 
549 95 124 
1111 140 995 
1605 1084 1379 
1604 1378 1603 
892 123 126 
585 123 127 
1103 150 1000 
1505 999 1322 
1506 21 999 
1645 1102 1499 
1501 999 1500 
1503 1321 1502 
1642 1491 1641 
1494 1263 1493 
1497 1322 1496 
894 119 123 
588 120 123 
1114 146 1003 
1640 1099 1475 
1639 1474 1638 
1900 1157 1867 
971 175 970 
1898 1149 1865 
961 175 960 
1894 1014 1859 
956 175 955 
1890 1138 1853 
948 175 947 
1892 1142 1857 
954 175 953 
1888 1136 1851 
946 175 945 
1860 1140 1831 
952 175 951 
1886 1134 1849 
944 175 943 
2044 1163 2002 
979 175 978 
2036 1235 1994 
969 175 968 
2042 1110 2000 
977 175 976 
2034 1155 1992 
967 175 966 
2040 1161 1998 
975 175 974 
2032 1153 1990 
965 175 964 
2038 1159 1996 
973 175 972 
2030 1151 1988 
963 175 962 
1672 1240 1298 
1783 1741 1742 
2273 2265 2271 
2257 2247 2256 
1819 1297 1671 
1782 1739 1740 
2272 2269 2270 
2254 2238 2253 
2291 175 2287 
632 37 175 
2290 175 2286 
631 38 175 
1018 8 161 
1020 9 161 
1022 10 161 
1024 30 161 
1026 28 161 
1028 7 161 
1030 31 161 
1032 29 161 
858 90 124 
551 91 124 
1317 135 990 
1315 139 991 
895 117 123 
589 118 123 
1327 150 1000 
857 92 124 
550 93 124 
1091 143 997 
1572 1094 1429 
1431 1096 1430 
1433 1097 1432 
1436 1312 1435 
1098 135 990 
1577 1101 1480 
1482 1102 1481 
1484 1103 1483 
1487 1320 1486 
1083 143 997 
1567 1086 1384 
1386 1088 1385 
1388 1089 1387 
1391 1304 1390 
1582 1106 1521 
1523 1107 1522 
1525 1108 1524 
1528 1325 1527 
1601 1083 1374 
1376 1301 1375 
1599 1371 1598 
1373 1301 1372 
1636 1005 1099 
1472 1005 1471 
1634 1468 1633 
1470 1005 1469 
1784 156 1738 
1905 156 1855 
1786 158 1738 
1909 158 1855 
1930 156 1901 
1932 156 1899 
1907 156 1861 
1936 156 1887 
1938 156 1893 
1940 156 1889 
1942 156 1895 
1944 156 1891 
1946 158 1901 
1948 158 1899 
1911 158 1861 
1952 158 1887 
1954 158 1893 
1956 158 1889 
1958 158 1895 
1960 158 1891 
1119 169 867 
1820 169 1777 
2055 154 1919 
1920 1701 1818 
1164 980 981 
1296 1221 1222 
985 92 94 
1072 88 90 
1286 1147 1233 
1285 1145 1231 
2063 156 2039 
2065 156 2031 
2067 156 2041 
2069 156 2033 
2071 156 2043 
2073 156 2035 
2075 156 2045 
2077 156 2037 
2079 158 2039 
2081 158 2031 
2083 158 2041 
2085 158 2033 
2087 158 2043 
2089 158 2035 
2091 158 2045 
2093 158 2037 
2302 156 2293 
2304 156 2292 
2306 158 2293 
2308 158 2292 
862 557 661 
866 146 865 
861 555 659 
864 145 863 
870 566 670 
876 150 875 
869 564 668 
874 149 873 
561 147 167 
665 147 166 
567 121 164 
671 121 165 
829 526 640 
837 141 836 
828 524 638 
835 140 834 
522 92 521 
636 92 635 
832 528 642 
519 143 167 
633 143 166 
527 90 164 
641 90 165 
841 538 652 
849 135 848 
840 536 650 
847 139 846 
534 105 533 
648 105 647 
844 540 654 
531 137 167 
645 137 166 
539 103 164 
653 103 165 
1058 175 1057 
1690 175 1689 
949 60 174 
1132 175 1131 
1829 175 1828 
941 48 174 
1088 138 992 
1404 1089 1306 
1405 1306 1307 
1407 2 1308 
1606 1087 1394 
1396 1305 1395 
1398 1090 1397 
1401 1306 1400 
1379 1085 1302 
1603 1084 1377 
1378 1302 1303 
1102 149 1001 
1499 1103 1321 
1500 1321 1322 
1502 21 999 
1641 1034 1341 
1491 1263 1490 
1493 999 1492 
1496 1321 1495 
1475 1100 1318 
1638 1099 1473 
1474 1318 1319 
1157 175 1156 
1867 175 1866 
970 19 174 
1149 175 1148 
1865 175 1864 
960 53 174 
1014 175 1013 
1859 175 1858 
955 59 174 
1138 175 1137 
1853 175 1852 
947 57 174 
1142 175 1141 
1857 175 1856 
953 50 174 
1136 175 1135 
1851 175 1850 
945 56 174 
1140 175 1139 
1831 175 1830 
951 58 174 
1134 175 1133 
1849 175 1848 
943 55 174 
1163 175 1162 
2002 175 2001 
978 54 174 
1235 175 1234 
1994 175 1993 
968 46 174 
1110 175 1109 
2000 175 1999 
976 52 174 
1155 175 1154 
1992 175 1991 
966 45 174 
1161 175 1160 
1998 175 1997 
974 47 174 
1153 175 1152 
1990 175 1989 
964 20 174 
1159 175 1158 
1996 175 1995 
972 43 174 
1151 175 1150 
1988 175 1987 
962 44 174 
1298 1070 1071 
1240 912 983 
1742 1595 1698 
1741 1593 1696 
2271 160 2268 
2265 160 2260 
2256 2245 2255 
2247 160 2246 
1297 1064 1065 
1671 1066 1123 
1740 1591 1694 
1739 1589 1692 
2270 155 2267 
2269 155 2266 
2253 2236 2252 
2238 155 2237 
2287 1986 2285 
2286 2029 2284 
1094 141 994 
1429 1095 1312 
1430 1312 1313 
1096 138 992 
1432 1312 1314 
1097 139 991 
1435 1314 1315 
1101 147 1002 
1480 1034 1320 
1481 1263 1320 
1483 1320 1321 
1486 1321 1322 
1086 141 994 
1384 1087 1304 
1385 1304 1305 
1387 1304 1306 
1390 1306 1307 
1106 147 1002 
1521 1035 1325 
1522 1268 1325 
1107 149 1001 
1524 1325 1326 
1108 150 1000 
1527 1326 1327 
1374 1084 1301 
1375 1085 1302 
1598 1083 1369 
1371 1301 1370 
1372 1302 1303 
1471 1100 1318 
1633 1005 1099 
1468 1005 1467 
1469 1318 1319 
1919 1700 1817 
1701 1338 1339 
1818 1775 1776 
981 117 119 
980 113 115 
1222 1128 1130 
1221 1056 1126 
1233 959 1232 
1147 959 1146 
1231 959 1230 
1145 959 1144 
2293 630 2289 
2292 629 2288 
557 119 556 
661 119 660 
865 560 664 
555 117 554 
659 117 658 
863 559 663 
566 128 565 
670 128 669 
875 569 673 
564 126 563 
668 126 667 
873 568 672 
526 96 525 
640 96 639 
836 530 644 
524 94 523 
638 94 637 
834 529 643 
521 144 167 
635 144 166 
528 92 164 
642 92 165 
538 109 537 
652 109 651 
848 542 656 
536 107 535 
650 107 649 
846 541 655 
533 138 167 
647 138 166 
540 105 164 
654 105 165 
1057 174 922 
1689 174 294 
1131 174 1043 
1828 174 279 
1087 137 993 
1394 1088 1305 
1395 1089 1306 
1397 1306 1307 
1400 2 1308 
1377 1085 1302 
1034 148 898 
1341 1102 1263 
1490 1103 1321 
1492 1321 1322 
1495 21 999 
1473 1100 1318 
1156 174 1046 
1866 174 1804 
1148 174 1039 
1864 174 1794 
1013 174 674 
1858 174 1805 
1137 174 1040 
1852 174 1795 
1141 174 1047 
1856 174 1806 
1135 174 1041 
1850 174 1796 
1139 174 1048 
1830 174 1772 
1133 174 1042 
1848 174 1797 
1162 174 867 
2001 174 1880 
1234 174 1124 
1993 174 1876 
1109 174 860 
1999 174 1881 
1154 174 1036 
1991 174 1877 
1160 174 1044 
1997 174 1882 
1152 174 1037 
1989 174 1878 
1158 174 1045 
1995 174 1883 
1150 174 1038 
1987 174 1879 
1071 914 918 
1070 913 916 
912 607 696 
983 612 701 
1698 1284 1697 
1595 1284 1594 
1696 1284 1695 
1593 1284 1592 
2268 1268 2250 
2260 1268 2226 
2255 2241 2243 
2245 160 2244 
2246 1808 2222 
1065 929 936 
1064 928 934 
1066 927 932 
1694 1282 1693 
1591 1282 1590 
1692 1282 1691 
1589 1282 1588 
2267 1313 2249 
2266 1313 2248 
2252 2232 2234 
2236 155 2235 
2237 1799 2220 
1986 174 1897 
2285 174 2279 
2029 174 1921 
2284 174 2278 
1095 137 993 
1035 148 898 
1369 1084 1301 
1370 1085 1302 
1467 1100 1318 
1700 1336 1337 
1817 1773 1774 
1339 990 991 
1338 992 993 
1776 1688 1736 
1775 1686 1734 
1128 121 1127 
1130 121 1129 
1126 121 1125 
1056 121 1055 
1232 957 958 
959 96 103 
1146 957 958 
1230 957 958 
1144 957 958 
2289 175 2287 
630 37 175 
2288 175 2286 
629 38 175 
556 100 146 
660 101 146 
560 98 119 
664 102 119 
554 100 145 
658 101 145 
559 98 117 
663 102 117 
565 150 167 
669 150 166 
569 128 164 
673 128 165 
563 149 167 
667 149 166 
568 126 164 
672 126 165 
525 141 167 
639 141 166 
530 96 164 
644 96 165 
523 140 167 
637 140 166 
529 94 164 
643 94 165 
537 135 167 
651 135 166 
542 109 164 
656 109 165 
535 139 167 
649 139 166 
541 107 164 
655 107 165 
922 616 705 
1124 1050 1054 
914 611 700 
918 146 917 
913 609 698 
916 145 915 
607 100 115 
696 101 115 
612 98 113 
701 102 113 
1697 919 1283 
1284 982 1069 
1594 919 1283 
1695 919 1283 
1592 919 1283 
2250 1326 2214 
2226 1326 2202 
2241 160 2240 
2243 160 2242 
2244 1808 2223 
2222 1005 2200 
1808 1520 1585 
929 622 711 
936 140 935 
928 620 709 
934 144 933 
927 618 707 
932 143 931 
1693 1059 1281 
1282 1062 1063 
1590 1059 1281 
1691 1059 1281 
1588 1059 1281 
2249 1314 2212 
2248 1314 2211 
2232 155 2231 
2234 155 2233 
2235 1799 2221 
2220 1310 2196 
1799 1428 1575 
1337 1003 1004 
1336 1005 1006 
1774 1684 1732 
1773 1682 1730 
1736 1334 1735 
1688 1334 1687 
1734 1334 1733 
1686 1334 1685 
1127 939 940 
1129 939 940 
1125 939 940 
1055 939 940 
957 109 111 
958 105 107 
616 100 130 
705 101 130 
1050 924 1010 
1054 142 1053 
611 119 610 
700 119 699 
917 614 703 
609 117 608 
698 117 697 
915 613 702 
1283 1067 1068 
982 598 604 
1069 903 907 
2214 1325 2190 
2202 1325 2178 
2240 1585 2223 
2242 1585 2222 
2223 1005 2201 
2200 1006 2176 
622 94 621 
711 94 710 
935 627 716 
620 92 619 
709 92 708 
933 626 715 
618 90 617 
707 90 706 
931 625 714 
1059 880 888 
1281 1060 1061 
1063 877 882 
1062 930 938 
2212 1312 2186 
2211 1312 2185 
2231 1575 2221 
2233 1575 2220 
2221 1310 2197 
2196 1309 2172 
1732 1331 1731 
1684 1331 1683 
1730 1331 1729 
1682 1331 1681 
1735 1332 1333 
1334 998 1016 
1687 1332 1333 
1733 1332 1333 
1685 1332 1333 
939 130 132 
940 126 128 
924 88 923 
1010 88 1009 
1053 926 1012 
610 100 146 
699 101 146 
614 98 119 
703 102 119 
608 100 145 
697 101 145 
613 98 117 
702 102 117 
1068 905 911 
1067 904 909 
598 100 148 
604 98 148 
903 597 688 
907 147 906 
2190 1327 2166 
2178 1327 2154 
2201 1006 2177 
2176 1324 2152 
621 100 140 
710 101 140 
627 94 98 
716 94 102 
619 100 144 
708 101 144 
626 92 98 
715 92 102 
617 100 143 
706 101 143 
625 90 98 
714 90 102 
880 577 682 
888 135 887 
1061 879 886 
1060 878 884 
877 571 676 
882 137 881 
930 624 713 
938 141 937 
2186 1315 2162 
2185 1315 2161 
2197 1309 2173 
2172 1311 2148 
1731 1329 1330 
1331 898 1002 
1683 1329 1330 
1729 1329 1330 
1681 1329 1330 
1332 994 995 
1333 996 997 
1016 543 850 
923 100 142 
1009 101 142 
926 88 98 
1012 88 102 
905 602 692 
911 150 910 
904 600 690 
909 149 908 
597 121 596 
688 121 687 
906 603 693 
2166 999 2126 
2154 999 2052 
2177 1324 2153 
2152 1328 2050 
577 109 576 
682 109 681 
887 581 686 
879 575 680 
886 139 885 
878 573 678 
884 138 883 
571 103 570 
676 103 675 
881 578 683 
624 96 623 
713 96 712 
937 628 717 
2162 1317 2122 
2161 1317 2121 
2173 1311 2149 
2148 1316 2046 
1329 1000 1001 
1330 999 1015 
850 111 124 
543 112 124 
602 128 601 
692 128 691 
910 606 695 
600 126 599 
690 126 689 
908 605 694 
596 100 147 
687 101 147 
603 98 121 
693 102 121 
2126 1666 1929 
2052 1661 1874 
2153 1328 2051 
2050 1652 1872 
576 100 135 
681 101 135 
581 98 109 
686 102 109 
575 107 574 
680 107 679 
885 580 685 
573 105 572 
678 105 677 
883 579 684 
570 100 137 
675 101 137 
578 98 103 
683 102 103 
623 100 141 
712 101 141 
628 96 98 
717 96 102 
2122 1632 1925 
2121 1627 1924 
2149 1316 2047 
2046 1618 1868 
1015 582 889 
601 100 150 
691 101 150 
606 98 128 
695 102 128 
599 100 149 
689 101 149 
605 98 126 
694 102 126 
1666 1543 1665 
1929 1586 1816 
1661 1538 1660 
1874 1657 1750 
2051 1654 1873 
1652 1513 1651 
1872 1115 1749 
574 100 139 
679 101 139 
580 98 107 
685 102 107 
572 100 138 
677 101 138 
579 98 105 
684 102 105 
1632 1453 1631 
1925 1576 1812 
1627 1447 1626 
1924 1747 1811 
2047 1620 1869 
1618 1420 1617 
1868 1112 1745 
889 123 132 
582 123 133 
1665 1540 1664 
1543 1268 1542 
1586 1108 1552 
1816 999 1663 
1660 1535 1659 
1538 1327 1537 
1750 1554 1586 
1657 1548 1656 
1654 1515 1653 
1873 1105 1581 
1651 1511 1650 
1513 1005 1512 
1749 1553 1581 
1115 146 1003 
1631 1450 1630 
1453 1313 1452 
1576 1097 1462 
1812 1098 1629 
1626 1444 1625 
1447 1315 1446 
1747 1464 1576 
1811 1113 1623 
1620 1423 1619 
1869 1093 1571 
1617 1418 1616 
1420 1310 1419 
1745 1463 1571 
1112 140 995 
1664 1035 1344 
1540 1268 1539 
1542 999 1541 
1552 999 1327 
1663 1551 1662 
1659 1532 1658 
1535 1268 1534 
1537 1268 1536 
1554 999 1327 
1656 1546 1655 
1548 1327 1547 
1653 1005 1104 
1515 1005 1514 
1581 1104 1516 
1650 1005 1104 
1511 1005 1510 
1512 1324 1328 
1553 1324 1328 
1630 1095 1448 
1450 1313 1449 
1452 1098 1451 
1462 1098 1315 
1629 1461 1628 
1625 1441 1624 
1444 1313 1443 
1446 1313 1445 
1464 1315 1317 
1623 1458 1622 
1113 135 990 
1619 1091 1421 
1423 1310 1422 
1571 1092 1424 
1616 1091 1416 
1418 1310 1417 
1419 1311 1316 
1463 1311 1316 
1344 1107 1268 
1539 1108 1326 
1541 1326 1327 
1662 1107 1549 
1551 999 1550 
1658 1035 1343 
1532 1268 1531 
1534 999 1533 
1536 999 1326 
1655 1107 1544 
1546 999 1545 
1547 999 1326 
1514 1105 1324 
1516 1105 1324 
1510 1105 1324 
1448 1096 1313 
1449 1097 1314 
1451 1314 1315 
1628 1096 1459 
1461 1098 1460 
1624 1095 1439 
1441 1313 1440 
1443 1098 1442 
1445 1314 1317 
1622 1456 1621 
1458 1315 1457 
1421 1092 1310 
1422 1093 1311 
1424 1093 1311 
1416 1092 1310 
1417 1093 1311 
1549 1108 1326 
1550 1326 1327 
1343 1107 1268 
1531 1108 1326 
1533 1326 1327 
1544 1108 1326 
1545 1326 1327 
1459 1097 1314 
1460 1314 1315 
1439 1096 1313 
1440 1097 1314 
1442 1314 1315 
1621 1096 1454 
1456 1098 1455 
1457 1314 1317 
1454 1097 1314 
1455 1314 1315 
